#
# There is insufficient memory for the Java Runtime Environment to continue.
# Native memory allocation (malloc) failed to allocate 1416464 bytes. Error detail: Chunk::new
# Possible reasons:
#   The system is out of physical RAM or swap space
#   This process is running with CompressedOops enabled, and the Java Heap may be blocking the growth of the native heap
# Possible solutions:
#   Reduce memory load on the system
#   Increase physical memory or swap space
#   Check if swap backing store is full
#   Decrease Java heap size (-Xmx/-Xms)
#   Decrease number of Java threads
#   Decrease Java thread stack sizes (-Xss)
#   Set larger code cache with -XX:ReservedCodeCacheSize=
#   JVM is running with Unscaled Compressed Oops mode in which the Java heap is
#     placed in the first 4GB address space. The Java Heap base address is the
#     maximum limit for the native heap growth. Please use -XX:HeapBaseMinAddress
#     to set the Java Heap base and to place the Java Heap above 4GB virtual address.
# This output file may be truncated or incomplete.
#
#  Out of Memory Error (arena.cpp:191), pid=23564, tid=18872
#
# JRE version: OpenJDK Runtime Environment Temurin-17.0.14+7 (17.0.14+7) (build 17.0.14+7)
# Java VM: OpenJDK 64-Bit Server VM Temurin-17.0.14+7 (17.0.14+7, mixed mode, sharing, tiered, compressed oops, compressed class ptrs, g1 gc, windows-amd64)
# No core dump will be written. Minidumps are not enabled by default on client versions of Windows
#

---------------  S U M M A R Y ------------

Command Line: --add-opens=java.base/java.util=ALL-UNNAMED --add-opens=java.base/java.lang=ALL-UNNAMED --add-opens=java.base/java.lang.invoke=ALL-UNNAMED --add-opens=java.prefs/java.util.prefs=ALL-UNNAMED --add-exports=jdk.compiler/com.sun.tools.javac.api=ALL-UNNAMED --add-exports=jdk.compiler/com.sun.tools.javac.util=ALL-UNNAMED --add-opens=java.base/java.nio.charset=ALL-UNNAMED --add-opens=java.base/java.net=ALL-UNNAMED --add-opens=java.base/java.util.concurrent.atomic=ALL-UNNAMED -Xmx2048m -Dfile.encoding=UTF-8 -Duser.country=US -Duser.language=en -Duser.variant -javaagent:C:\Users\PMLS\.gradle\wrapper\dists\gradle-8.9-bin\90cnw93cvbtalezasaz0blq0a\gradle-8.9\lib\agents\gradle-instrumentation-agent-8.9.jar org.gradle.launcher.daemon.bootstrap.GradleDaemon 8.9

Host: 12th Gen Intel(R) Core(TM) i5-1235U, 12 cores, 7G,  Windows 11 , 64 bit Build 26100 (10.0.26100.3912)
Time: Sat Dec 27 16:03:37 2025 Pakistan Standard Time elapsed time: 22.841352 seconds (0d 0h 0m 22s)

---------------  T H R E A D  ---------------

Current thread (0x0000018398dff270):  JavaThread "C2 CompilerThread0" daemon [_thread_in_native, id=18872, stack(0x000000639fd00000,0x000000639fe00000)]


Current CompileTask:
C2:  22841 11543       4       java.lang.invoke.MethodType::makeImpl (109 bytes)

Stack: [0x000000639fd00000,0x000000639fe00000]
Native frames: (J=compiled Java code, j=interpreted, Vv=VM code, C=native code)
V  [jvm.dll+0x682eb9]
V  [jvm.dll+0x8399c8]
V  [jvm.dll+0x83b473]
V  [jvm.dll+0x83bae3]
V  [jvm.dll+0x24715f]
V  [jvm.dll+0xace44]
V  [jvm.dll+0xad4dc]
V  [jvm.dll+0x365b5e]
V  [jvm.dll+0x32fd58]
V  [jvm.dll+0x32f1da]
V  [jvm.dll+0x21814f]
V  [jvm.dll+0x21758f]
V  [jvm.dll+0x1a3150]
V  [jvm.dll+0x22799c]
V  [jvm.dll+0x225afb]
V  [jvm.dll+0x7ef128]
V  [jvm.dll+0x7e948c]
V  [jvm.dll+0x681d97]
C  [ucrtbase.dll+0x37b0]
C  [KERNEL32.DLL+0x2e8d7]
C  [ntdll.dll+0x9c5dc]


---------------  P R O C E S S  ---------------

Threads class SMR info:
_java_thread_list=0x00000183e22f9cc0, length=51, elements={
0x00000183fa6715e0, 0x0000018398de5c60, 0x0000018398de7740, 0x0000018398dfabf0,
0x0000018398dfd4d0, 0x0000018398dfdda0, 0x0000018398dfe670, 0x0000018398dff270,
0x0000018398e0fb90, 0x0000018398e144c0, 0x0000018398dd0b60, 0x0000018399a79b30,
0x00000183e0c57280, 0x00000183dfc33780, 0x00000183e0d59440, 0x00000183e083dca0,
0x00000183e0e3f3d0, 0x0000018399ca3500, 0x0000018399ca3a10, 0x0000018399ca4e50,
0x0000018399ca6cb0, 0x0000018399ca5870, 0x0000018399ca3f20, 0x0000018399ca67a0,
0x0000018399ca4430, 0x0000018399ca4940, 0x00000183e12b3410, 0x00000183e12b24e0,
0x00000183e12b29f0, 0x00000183e12b15b0, 0x00000183e12b10a0, 0x00000183e12b3920,
0x00000183e12b1ac0, 0x00000183e4e97430, 0x00000183e12b5c90, 0x00000183e12b61a0,
0x00000183e12b70d0, 0x00000183df1d1880, 0x00000183df1d0e60, 0x00000183df1cf510,
0x00000183df1cf000, 0x00000183df1cfa20, 0x00000183df1d1370, 0x00000183df1ce5e0,
0x00000183e4472810, 0x00000183e446f840, 0x00000183df1cff30, 0x00000183df1ceaf0,
0x00000183df1d0440, 0x00000183df1d0950, 0x00000183df1ce0d0
}

Java Threads: ( => current thread )
  0x00000183fa6715e0 JavaThread "main" [_thread_blocked, id=4464, stack(0x000000639f000000,0x000000639f100000)]
  0x0000018398de5c60 JavaThread "Reference Handler" daemon [_thread_blocked, id=1716, stack(0x000000639f700000,0x000000639f800000)]
  0x0000018398de7740 JavaThread "Finalizer" daemon [_thread_blocked, id=18508, stack(0x000000639f800000,0x000000639f900000)]
  0x0000018398dfabf0 JavaThread "Signal Dispatcher" daemon [_thread_blocked, id=12864, stack(0x000000639f900000,0x000000639fa00000)]
  0x0000018398dfd4d0 JavaThread "Attach Listener" daemon [_thread_blocked, id=20632, stack(0x000000639fa00000,0x000000639fb00000)]
  0x0000018398dfdda0 JavaThread "Service Thread" daemon [_thread_blocked, id=18812, stack(0x000000639fb00000,0x000000639fc00000)]
  0x0000018398dfe670 JavaThread "Monitor Deflation Thread" daemon [_thread_blocked, id=15552, stack(0x000000639fc00000,0x000000639fd00000)]
=>0x0000018398dff270 JavaThread "C2 CompilerThread0" daemon [_thread_in_native, id=18872, stack(0x000000639fd00000,0x000000639fe00000)]
  0x0000018398e0fb90 JavaThread "C1 CompilerThread0" daemon [_thread_in_native, id=22716, stack(0x000000639fe00000,0x000000639ff00000)]
  0x0000018398e144c0 JavaThread "Sweeper thread" daemon [_thread_blocked, id=17264, stack(0x000000639ff00000,0x00000063a0000000)]
  0x0000018398dd0b60 JavaThread "Common-Cleaner" daemon [_thread_blocked, id=12340, stack(0x00000063a0000000,0x00000063a0100000)]
  0x0000018399a79b30 JavaThread "Notification Thread" daemon [_thread_blocked, id=25612, stack(0x00000063a0200000,0x00000063a0300000)]
  0x00000183e0c57280 JavaThread "Daemon health stats" [_thread_blocked, id=14976, stack(0x00000063a0400000,0x00000063a0500000)]
  0x00000183dfc33780 JavaThread "Incoming local TCP Connector on port 53467" [_thread_in_native, id=19380, stack(0x00000063a0900000,0x00000063a0a00000)]
  0x00000183e0d59440 JavaThread "Daemon periodic checks" [_thread_blocked, id=9196, stack(0x00000063a0a00000,0x00000063a0b00000)]
  0x00000183e083dca0 JavaThread "Daemon" [_thread_blocked, id=24800, stack(0x00000063a0100000,0x00000063a0200000)]
  0x00000183e0e3f3d0 JavaThread "Handler for socket connection from /127.0.0.1:53467 to /127.0.0.1:53468" [_thread_in_native, id=25588, stack(0x00000063a0b00000,0x00000063a0c00000)]
  0x0000018399ca3500 JavaThread "Cancel handler" [_thread_blocked, id=22940, stack(0x00000063a0c00000,0x00000063a0d00000)]
  0x0000018399ca3a10 JavaThread "Daemon worker" [_thread_in_Java, id=24948, stack(0x00000063a0d00000,0x00000063a0e00000)]
  0x0000018399ca4e50 JavaThread "Asynchronous log dispatcher for DefaultDaemonConnection: socket connection from /127.0.0.1:53467 to /127.0.0.1:53468" [_thread_blocked, id=384, stack(0x00000063a0e00000,0x00000063a0f00000)]
  0x0000018399ca6cb0 JavaThread "Stdin handler" [_thread_blocked, id=8488, stack(0x00000063a0f00000,0x00000063a1000000)]
  0x0000018399ca5870 JavaThread "Daemon client event forwarder" [_thread_blocked, id=23712, stack(0x00000063a1100000,0x00000063a1200000)]
  0x0000018399ca3f20 JavaThread "Cache worker for journal cache (C:\Users\PMLS\.gradle\caches\journal-1)" [_thread_blocked, id=26036, stack(0x00000063a1000000,0x00000063a1100000)]
  0x0000018399ca67a0 JavaThread "File lock request listener" [_thread_in_native, id=18168, stack(0x00000063a1800000,0x00000063a1900000)]
  0x0000018399ca4430 JavaThread "Cache worker for file hash cache (C:\Users\PMLS\.gradle\caches\8.9\fileHashes)" [_thread_in_native, id=19336, stack(0x00000063a1700000,0x00000063a1800000)]
  0x0000018399ca4940 JavaThread "Cache worker for file hash cache (C:\Users\PMLS\Desktop\QuickStatusSaver\.gradle\8.9\fileHashes)" [_thread_blocked, id=26128, stack(0x00000063a1a00000,0x00000063a1b00000)]
  0x00000183e12b3410 JavaThread "Cache worker for Build Output Cleanup Cache (C:\Users\PMLS\Desktop\QuickStatusSaver\.gradle\buildOutputCleanup)" [_thread_blocked, id=25304, stack(0x00000063a1b00000,0x00000063a1c00000)]
  0x00000183e12b24e0 JavaThread "File watcher server" daemon [_thread_in_native, id=916, stack(0x00000063a1e00000,0x00000063a1f00000)]
  0x00000183e12b29f0 JavaThread "File watcher consumer" daemon [_thread_blocked, id=20200, stack(0x00000063a1f00000,0x00000063a2000000)]
  0x00000183e12b15b0 JavaThread "Cache worker for checksums cache (C:\Users\PMLS\Desktop\QuickStatusSaver\.gradle\8.9\checksums)" [_thread_blocked, id=3420, stack(0x00000063a2000000,0x00000063a2100000)]
  0x00000183e12b10a0 JavaThread "Cache worker for file content cache (C:\Users\PMLS\.gradle\caches\8.9\fileContent)" [_thread_blocked, id=8144, stack(0x00000063a2100000,0x00000063a2200000)]
  0x00000183e12b3920 JavaThread "Cache worker for cache directory md-rule (C:\Users\PMLS\.gradle\caches\8.9\md-rule)" [_thread_blocked, id=20804, stack(0x00000063a2200000,0x00000063a2300000)]
  0x00000183e12b1ac0 JavaThread "Cache worker for cache directory md-supplier (C:\Users\PMLS\.gradle\caches\8.9\md-supplier)" [_thread_blocked, id=20404, stack(0x00000063a2300000,0x00000063a2400000)]
  0x00000183e4e97430 JavaThread "Unconstrained build operations" [_thread_blocked, id=21084, stack(0x00000063a1900000,0x00000063a1a00000)]
  0x00000183e12b5c90 JavaThread "Unconstrained build operations Thread 2" [_thread_blocked, id=18188, stack(0x00000063a2500000,0x00000063a2600000)]
  0x00000183e12b61a0 JavaThread "Unconstrained build operations Thread 3" [_thread_blocked, id=9712, stack(0x00000063a2c00000,0x00000063a2d00000)]
  0x00000183e12b70d0 JavaThread "Unconstrained build operations Thread 4" [_thread_blocked, id=25184, stack(0x00000063a2d00000,0x00000063a2e00000)]
  0x00000183df1d1880 JavaThread "Unconstrained build operations Thread 5" [_thread_blocked, id=9764, stack(0x00000063a2e00000,0x00000063a2f00000)]
  0x00000183df1d0e60 JavaThread "Unconstrained build operations Thread 6" [_thread_blocked, id=26060, stack(0x00000063a2f00000,0x00000063a3000000)]
  0x00000183df1cf510 JavaThread "Unconstrained build operations Thread 7" [_thread_blocked, id=25300, stack(0x00000063a3000000,0x00000063a3100000)]
  0x00000183df1cf000 JavaThread "Unconstrained build operations Thread 8" [_thread_blocked, id=6304, stack(0x00000063a3100000,0x00000063a3200000)]
  0x00000183df1cfa20 JavaThread "Unconstrained build operations Thread 9" [_thread_blocked, id=9892, stack(0x00000063a3200000,0x00000063a3300000)]
  0x00000183df1d1370 JavaThread "Unconstrained build operations Thread 10" [_thread_blocked, id=5652, stack(0x00000063a3300000,0x00000063a3400000)]
  0x00000183df1ce5e0 JavaThread "Unconstrained build operations Thread 11" [_thread_blocked, id=5848, stack(0x00000063a3400000,0x00000063a3500000)]
  0x00000183e4472810 JavaThread "C2 CompilerThread1" daemon [_thread_in_native, id=15260, stack(0x00000063a3500000,0x00000063a3600000)]
  0x00000183e446f840 JavaThread "C2 CompilerThread2" daemon [_thread_in_native, id=25080, stack(0x00000063a3600000,0x00000063a3700000)]
  0x00000183df1cff30 JavaThread "Unconstrained build operations Thread 12" [_thread_blocked, id=5256, stack(0x00000063a3700000,0x00000063a3800000)]
  0x00000183df1ceaf0 JavaThread "Unconstrained build operations Thread 13" [_thread_blocked, id=22420, stack(0x00000063a3800000,0x00000063a3900000)]
  0x00000183df1d0440 JavaThread "Unconstrained build operations Thread 14" [_thread_blocked, id=22772, stack(0x00000063a3900000,0x00000063a3a00000)]
  0x00000183df1d0950 JavaThread "Unconstrained build operations Thread 15" [_thread_in_native, id=3376, stack(0x00000063a3a00000,0x00000063a3b00000)]
  0x00000183df1ce0d0 JavaThread "Unconstrained build operations Thread 16" [_thread_in_Java, id=22712, stack(0x00000063a3b00000,0x00000063a3c00000)]

Other Threads:
  0x0000018398ddfc60 VMThread "VM Thread" [stack: 0x000000639f600000,0x000000639f700000] [id=14160]
  0x0000018399aa3df0 WatcherThread [stack: 0x00000063a0300000,0x00000063a0400000] [id=8872]
  0x00000183fa6d0010 GCTaskThread "GC Thread#0" [stack: 0x000000639f100000,0x000000639f200000] [id=21736]
  0x00000183df524740 GCTaskThread "GC Thread#1" [stack: 0x00000063a0500000,0x00000063a0600000] [id=23100]
  0x00000183df542df0 GCTaskThread "GC Thread#2" [stack: 0x00000063a0600000,0x00000063a0700000] [id=14956]
  0x00000183df090330 GCTaskThread "GC Thread#3" [stack: 0x00000063a0700000,0x00000063a0800000] [id=5340]
  0x00000183df786140 GCTaskThread "GC Thread#4" [stack: 0x00000063a0800000,0x00000063a0900000] [id=16372]
  0x00000183e0ce7f70 GCTaskThread "GC Thread#5" [stack: 0x00000063a1200000,0x00000063a1300000] [id=5960]
  0x00000183e0e41fe0 GCTaskThread "GC Thread#6" [stack: 0x00000063a1300000,0x00000063a1400000] [id=13172]
  0x00000183e0cd9f10 GCTaskThread "GC Thread#7" [stack: 0x00000063a1400000,0x00000063a1500000] [id=18860]
  0x00000183e0c927f0 GCTaskThread "GC Thread#8" [stack: 0x00000063a1500000,0x00000063a1600000] [id=2368]
  0x00000183e0cf9f80 GCTaskThread "GC Thread#9" [stack: 0x00000063a1600000,0x00000063a1700000] [id=9992]
  0x00000183fa6e1b40 ConcurrentGCThread "G1 Main Marker" [stack: 0x000000639f200000,0x000000639f300000] [id=5292]
  0x00000183fa6e2470 ConcurrentGCThread "G1 Conc#0" [stack: 0x000000639f300000,0x000000639f400000] [id=5432]
  0x00000183e2882c10 ConcurrentGCThread "G1 Conc#1" [stack: 0x00000063a1c00000,0x00000063a1d00000] [id=20976]
  0x00000183e28dfa50 ConcurrentGCThread "G1 Conc#2" [stack: 0x00000063a1d00000,0x00000063a1e00000] [id=17516]
  0x00000183fa71e630 ConcurrentGCThread "G1 Refine#0" [stack: 0x000000639f400000,0x000000639f500000] [id=25652]
  0x00000183e148c9f0 ConcurrentGCThread "G1 Refine#1" [stack: 0x00000063a2400000,0x00000063a2500000] [id=13652]
  0x00000183e312e510 ConcurrentGCThread "G1 Refine#2" [stack: 0x00000063a2600000,0x00000063a2700000] [id=2356]
  0x00000183e312f9a0 ConcurrentGCThread "G1 Refine#3" [stack: 0x00000063a2700000,0x00000063a2800000] [id=11208]
  0x00000183e3130270 ConcurrentGCThread "G1 Refine#4" [stack: 0x00000063a2800000,0x00000063a2900000] [id=11104]
  0x00000183e312d370 ConcurrentGCThread "G1 Refine#5" [stack: 0x00000063a2900000,0x00000063a2a00000] [id=18976]
  0x00000183e312eaf0 ConcurrentGCThread "G1 Refine#6" [stack: 0x00000063a2a00000,0x00000063a2b00000] [id=7896]
  0x00000183e312f6b0 ConcurrentGCThread "G1 Refine#7" [stack: 0x00000063a2b00000,0x00000063a2c00000] [id=9140]
  0x0000018398c8dfc0 ConcurrentGCThread "G1 Service" [stack: 0x000000639f500000,0x000000639f600000] [id=22844]

Threads with active compile tasks:
C2 CompilerThread0    22879 11543       4       java.lang.invoke.MethodType::makeImpl (109 bytes)
C2 CompilerThread1    22879 11577       4       org.objectweb.asm.MethodWriter::computeAllFrames (510 bytes)
C2 CompilerThread2    22879 11585       4       java.lang.Class::descriptorString (170 bytes)

VM state: not at safepoint (normal execution)

VM Mutex/Monitor currently owned by a thread: None

Heap address: 0x0000000080000000, size: 2048 MB, Compressed Oops mode: 32-bit

CDS archive(s) mapped at: [0x000001839a000000-0x000001839abb0000-0x000001839abb0000), size 12255232, SharedBaseAddress: 0x000001839a000000, ArchiveRelocationMode: 1.
Compressed class space mapped at: 0x000001839b000000-0x00000183db000000, reserved size: 1073741824
Narrow klass base: 0x000001839a000000, Narrow klass shift: 0, Narrow klass range: 0x100000000

GC Precious Log:
 CPUs: 12 total, 12 available
 Memory: 7916M
 Large Page Support: Disabled
 NUMA Support: Disabled
 Compressed Oops: Enabled (32-bit)
 Heap Region Size: 1M
 Heap Min Capacity: 8M
 Heap Initial Capacity: 124M
 Heap Max Capacity: 2G
 Pre-touch: Disabled
 Parallel Workers: 10
 Concurrent Workers: 3
 Concurrent Refinement Workers: 10
 Periodic GC: Disabled

Heap:
 garbage-first heap   total 188416K, used 147265K [0x0000000080000000, 0x0000000100000000)
  region size 1024K, 57 young (58368K), 9 survivors (9216K)
 Metaspace       used 108119K, committed 108800K, reserved 1179648K
  class space    used 13883K, committed 14208K, reserved 1048576K

Heap Regions: E=young(eden), S=young(survivor), O=old, HS=humongous(starts), HC=humongous(continues), CS=collection set, F=free, OA=open archive, CA=closed archive, TAMS=top-at-mark-start (previous, next)
|   0|0x0000000080000000, 0x0000000080100000, 0x0000000080100000|100%|HS|  |TAMS 0x0000000080100000, 0x0000000080000000| Complete 
|   1|0x0000000080100000, 0x0000000080200000, 0x0000000080200000|100%|HC|  |TAMS 0x0000000080200000, 0x0000000080100000| Complete 
|   2|0x0000000080200000, 0x0000000080300000, 0x0000000080300000|100%|HC|  |TAMS 0x0000000080300000, 0x0000000080200000| Complete 
|   3|0x0000000080300000, 0x0000000080400000, 0x0000000080400000|100%|HC|  |TAMS 0x0000000080400000, 0x0000000080300000| Complete 
|   4|0x0000000080400000, 0x0000000080500000, 0x0000000080500000|100%| O|  |TAMS 0x0000000080500000, 0x0000000080400000| Untracked 
|   5|0x0000000080500000, 0x0000000080600000, 0x0000000080600000|100%| O|  |TAMS 0x0000000080600000, 0x0000000080500000| Untracked 
|   6|0x0000000080600000, 0x0000000080700000, 0x0000000080700000|100%| O|  |TAMS 0x0000000080700000, 0x0000000080600000| Untracked 
|   7|0x0000000080700000, 0x0000000080800000, 0x0000000080800000|100%| O|  |TAMS 0x0000000080800000, 0x0000000080700000| Untracked 
|   8|0x0000000080800000, 0x0000000080900000, 0x0000000080900000|100%| O|  |TAMS 0x0000000080900000, 0x0000000080800000| Untracked 
|   9|0x0000000080900000, 0x0000000080a00000, 0x0000000080a00000|100%| O|  |TAMS 0x0000000080a00000, 0x0000000080900000| Untracked 
|  10|0x0000000080a00000, 0x0000000080b00000, 0x0000000080b00000|100%| O|  |TAMS 0x0000000080b00000, 0x0000000080a00000| Untracked 
|  11|0x0000000080b00000, 0x0000000080c00000, 0x0000000080c00000|100%|HS|  |TAMS 0x0000000080c00000, 0x0000000080b00000| Complete 
|  12|0x0000000080c00000, 0x0000000080d00000, 0x0000000080d00000|100%| O|  |TAMS 0x0000000080d00000, 0x0000000080c00000| Untracked 
|  13|0x0000000080d00000, 0x0000000080e00000, 0x0000000080e00000|100%| O|  |TAMS 0x0000000080e00000, 0x0000000080d00000| Untracked 
|  14|0x0000000080e00000, 0x0000000080f00000, 0x0000000080f00000|100%| O|  |TAMS 0x0000000080f00000, 0x0000000080e00000| Untracked 
|  15|0x0000000080f00000, 0x0000000081000000, 0x0000000081000000|100%| O|  |TAMS 0x0000000081000000, 0x0000000080f00000| Untracked 
|  16|0x0000000081000000, 0x0000000081100000, 0x0000000081100000|100%| O|  |TAMS 0x0000000081100000, 0x0000000081000000| Untracked 
|  17|0x0000000081100000, 0x0000000081200000, 0x0000000081200000|100%| O|  |TAMS 0x0000000081200000, 0x0000000081100000| Untracked 
|  18|0x0000000081200000, 0x0000000081300000, 0x0000000081300000|100%| O|  |TAMS 0x0000000081300000, 0x0000000081200000| Untracked 
|  19|0x0000000081300000, 0x00000000813f8a00, 0x0000000081400000| 97%| O|  |TAMS 0x00000000813f8a00, 0x0000000081300000| Untracked 
|  20|0x0000000081400000, 0x0000000081500000, 0x0000000081500000|100%| O|  |TAMS 0x0000000081500000, 0x0000000081400000| Untracked 
|  21|0x0000000081500000, 0x0000000081600000, 0x0000000081600000|100%| O|  |TAMS 0x0000000081600000, 0x0000000081500000| Untracked 
|  22|0x0000000081600000, 0x0000000081700000, 0x0000000081700000|100%| O|  |TAMS 0x0000000081700000, 0x0000000081600000| Untracked 
|  23|0x0000000081700000, 0x0000000081800000, 0x0000000081800000|100%| O|  |TAMS 0x0000000081800000, 0x0000000081700000| Untracked 
|  24|0x0000000081800000, 0x0000000081900000, 0x0000000081900000|100%| O|  |TAMS 0x0000000081900000, 0x0000000081800000| Untracked 
|  25|0x0000000081900000, 0x0000000081a00000, 0x0000000081a00000|100%| O|  |TAMS 0x0000000081a00000, 0x0000000081900000| Untracked 
|  26|0x0000000081a00000, 0x0000000081b00000, 0x0000000081b00000|100%|HS|  |TAMS 0x0000000081b00000, 0x0000000081a00000| Complete 
|  27|0x0000000081b00000, 0x0000000081c00000, 0x0000000081c00000|100%| O|  |TAMS 0x0000000081c00000, 0x0000000081b00000| Untracked 
|  28|0x0000000081c00000, 0x0000000081d00000, 0x0000000081d00000|100%| O|  |TAMS 0x0000000081d00000, 0x0000000081c00000| Untracked 
|  29|0x0000000081d00000, 0x0000000081e00000, 0x0000000081e00000|100%| O|  |TAMS 0x0000000081e00000, 0x0000000081d00000| Untracked 
|  30|0x0000000081e00000, 0x0000000081f00000, 0x0000000081f00000|100%| O|  |TAMS 0x0000000081f00000, 0x0000000081e00000| Untracked 
|  31|0x0000000081f00000, 0x0000000082000000, 0x0000000082000000|100%| O|  |TAMS 0x0000000082000000, 0x0000000081f00000| Untracked 
|  32|0x0000000082000000, 0x0000000082100000, 0x0000000082100000|100%| O|  |TAMS 0x0000000082100000, 0x0000000082000000| Untracked 
|  33|0x0000000082100000, 0x0000000082200000, 0x0000000082200000|100%| O|  |TAMS 0x0000000082200000, 0x0000000082100000| Untracked 
|  34|0x0000000082200000, 0x0000000082300000, 0x0000000082300000|100%| O|  |TAMS 0x0000000082300000, 0x0000000082200000| Untracked 
|  35|0x0000000082300000, 0x0000000082400000, 0x0000000082400000|100%|HS|  |TAMS 0x0000000082400000, 0x0000000082300000| Complete 
|  36|0x0000000082400000, 0x0000000082500000, 0x0000000082500000|100%|HC|  |TAMS 0x0000000082500000, 0x0000000082400000| Complete 
|  37|0x0000000082500000, 0x0000000082600000, 0x0000000082600000|100%|HC|  |TAMS 0x0000000082600000, 0x0000000082500000| Complete 
|  38|0x0000000082600000, 0x0000000082700000, 0x0000000082700000|100%|HC|  |TAMS 0x0000000082700000, 0x0000000082600000| Complete 
|  39|0x0000000082700000, 0x0000000082800000, 0x0000000082800000|100%|HC|  |TAMS 0x0000000082800000, 0x0000000082700000| Complete 
|  40|0x0000000082800000, 0x0000000082900000, 0x0000000082900000|100%|HC|  |TAMS 0x0000000082900000, 0x0000000082800000| Complete 
|  41|0x0000000082900000, 0x0000000082a00000, 0x0000000082a00000|100%| O|  |TAMS 0x0000000082a00000, 0x0000000082900000| Untracked 
|  42|0x0000000082a00000, 0x0000000082b00000, 0x0000000082b00000|100%| O|  |TAMS 0x0000000082b00000, 0x0000000082a00000| Untracked 
|  43|0x0000000082b00000, 0x0000000082c00000, 0x0000000082c00000|100%| O|  |TAMS 0x0000000082c00000, 0x0000000082b00000| Untracked 
|  44|0x0000000082c00000, 0x0000000082d00000, 0x0000000082d00000|100%| O|  |TAMS 0x0000000082d00000, 0x0000000082c00000| Untracked 
|  45|0x0000000082d00000, 0x0000000082e00000, 0x0000000082e00000|100%| O|  |TAMS 0x0000000082e00000, 0x0000000082d00000| Untracked 
|  46|0x0000000082e00000, 0x0000000082f00000, 0x0000000082f00000|100%| O|  |TAMS 0x0000000082f00000, 0x0000000082e00000| Untracked 
|  47|0x0000000082f00000, 0x0000000083000000, 0x0000000083000000|100%| O|  |TAMS 0x0000000083000000, 0x0000000082f00000| Untracked 
|  48|0x0000000083000000, 0x0000000083100000, 0x0000000083100000|100%| O|  |TAMS 0x0000000083100000, 0x0000000083000000| Untracked 
|  49|0x0000000083100000, 0x0000000083200000, 0x0000000083200000|100%| O|  |TAMS 0x0000000083200000, 0x0000000083100000| Untracked 
|  50|0x0000000083200000, 0x0000000083300000, 0x0000000083300000|100%| O|  |TAMS 0x0000000083300000, 0x0000000083200000| Untracked 
|  51|0x0000000083300000, 0x0000000083400000, 0x0000000083400000|100%| O|  |TAMS 0x0000000083400000, 0x0000000083300000| Untracked 
|  52|0x0000000083400000, 0x0000000083500000, 0x0000000083500000|100%| O|  |TAMS 0x0000000083500000, 0x0000000083400000| Untracked 
|  53|0x0000000083500000, 0x0000000083600000, 0x0000000083600000|100%| O|  |TAMS 0x0000000083600000, 0x0000000083500000| Untracked 
|  54|0x0000000083600000, 0x0000000083700000, 0x0000000083700000|100%| O|  |TAMS 0x0000000083700000, 0x0000000083600000| Untracked 
|  55|0x0000000083700000, 0x0000000083800000, 0x0000000083800000|100%| O|  |TAMS 0x0000000083800000, 0x0000000083700000| Untracked 
|  56|0x0000000083800000, 0x0000000083900000, 0x0000000083900000|100%| O|  |TAMS 0x0000000083900000, 0x0000000083800000| Untracked 
|  57|0x0000000083900000, 0x0000000083a00000, 0x0000000083a00000|100%| O|  |TAMS 0x0000000083a00000, 0x0000000083900000| Untracked 
|  58|0x0000000083a00000, 0x0000000083b00000, 0x0000000083b00000|100%| O|  |TAMS 0x0000000083b00000, 0x0000000083a00000| Untracked 
|  59|0x0000000083b00000, 0x0000000083c00000, 0x0000000083c00000|100%| O|  |TAMS 0x0000000083c00000, 0x0000000083b00000| Untracked 
|  60|0x0000000083c00000, 0x0000000083d00000, 0x0000000083d00000|100%| O|  |TAMS 0x0000000083d00000, 0x0000000083c00000| Untracked 
|  61|0x0000000083d00000, 0x0000000083e00000, 0x0000000083e00000|100%| O|  |TAMS 0x0000000083e00000, 0x0000000083d00000| Untracked 
|  62|0x0000000083e00000, 0x0000000083f00000, 0x0000000083f00000|100%| O|  |TAMS 0x0000000083f00000, 0x0000000083e00000| Untracked 
|  63|0x0000000083f00000, 0x0000000084000000, 0x0000000084000000|100%| O|  |TAMS 0x0000000084000000, 0x0000000083f00000| Untracked 
|  64|0x0000000084000000, 0x0000000084100000, 0x0000000084100000|100%| O|  |TAMS 0x0000000084100000, 0x0000000084000000| Untracked 
|  65|0x0000000084100000, 0x0000000084200000, 0x0000000084200000|100%| O|  |TAMS 0x0000000084200000, 0x0000000084100000| Untracked 
|  66|0x0000000084200000, 0x0000000084300000, 0x0000000084300000|100%| O|  |TAMS 0x0000000084200000, 0x0000000084200000| Untracked 
|  67|0x0000000084300000, 0x0000000084400000, 0x0000000084400000|100%| O|  |TAMS 0x0000000084400000, 0x0000000084300000| Untracked 
|  68|0x0000000084400000, 0x0000000084500000, 0x0000000084500000|100%| O|  |TAMS 0x00000000844bb800, 0x0000000084400000| Untracked 
|  69|0x0000000084500000, 0x0000000084600000, 0x0000000084600000|100%| O|  |TAMS 0x0000000084500000, 0x0000000084500000| Untracked 
|  70|0x0000000084600000, 0x0000000084700000, 0x0000000084700000|100%| O|  |TAMS 0x0000000084600000, 0x0000000084600000| Untracked 
|  71|0x0000000084700000, 0x0000000084800000, 0x0000000084800000|100%| O|  |TAMS 0x0000000084700000, 0x0000000084700000| Untracked 
|  72|0x0000000084800000, 0x0000000084900000, 0x0000000084900000|100%| O|  |TAMS 0x0000000084800000, 0x0000000084800000| Untracked 
|  73|0x0000000084900000, 0x0000000084a00000, 0x0000000084a00000|100%| O|  |TAMS 0x0000000084900000, 0x0000000084900000| Untracked 
|  74|0x0000000084a00000, 0x0000000084b00000, 0x0000000084b00000|100%| O|  |TAMS 0x0000000084a00000, 0x0000000084a00000| Untracked 
|  75|0x0000000084b00000, 0x0000000084c00000, 0x0000000084c00000|100%| O|  |TAMS 0x0000000084b00000, 0x0000000084b00000| Untracked 
|  76|0x0000000084c00000, 0x0000000084d00000, 0x0000000084d00000|100%| O|  |TAMS 0x0000000084c00000, 0x0000000084c00000| Untracked 
|  77|0x0000000084d00000, 0x0000000084e00000, 0x0000000084e00000|100%| O|  |TAMS 0x0000000084d00000, 0x0000000084d00000| Untracked 
|  78|0x0000000084e00000, 0x0000000084f00000, 0x0000000084f00000|100%| O|  |TAMS 0x0000000084e00000, 0x0000000084e00000| Untracked 
|  79|0x0000000084f00000, 0x0000000085000000, 0x0000000085000000|100%| O|  |TAMS 0x0000000084f00000, 0x0000000084f00000| Untracked 
|  80|0x0000000085000000, 0x0000000085100000, 0x0000000085100000|100%| O|  |TAMS 0x0000000085000000, 0x0000000085000000| Untracked 
|  81|0x0000000085100000, 0x0000000085200000, 0x0000000085200000|100%| O|  |TAMS 0x0000000085100000, 0x0000000085100000| Untracked 
|  82|0x0000000085200000, 0x0000000085300000, 0x0000000085300000|100%| O|  |TAMS 0x0000000085200000, 0x0000000085200000| Untracked 
|  83|0x0000000085300000, 0x0000000085400000, 0x0000000085400000|100%| O|  |TAMS 0x0000000085300000, 0x0000000085300000| Untracked 
|  84|0x0000000085400000, 0x0000000085500000, 0x0000000085500000|100%| O|  |TAMS 0x0000000085400000, 0x0000000085400000| Untracked 
|  85|0x0000000085500000, 0x0000000085600000, 0x0000000085600000|100%| O|  |TAMS 0x0000000085500000, 0x0000000085500000| Untracked 
|  86|0x0000000085600000, 0x0000000085700000, 0x0000000085700000|100%| O|  |TAMS 0x0000000085600000, 0x0000000085600000| Untracked 
|  87|0x0000000085700000, 0x0000000085800000, 0x0000000085800000|100%| O|  |TAMS 0x0000000085700000, 0x0000000085700000| Untracked 
|  88|0x0000000085800000, 0x0000000085900000, 0x0000000085900000|100%| O|  |TAMS 0x0000000085800000, 0x0000000085800000| Untracked 
|  89|0x0000000085900000, 0x0000000085936800, 0x0000000085a00000| 21%| O|  |TAMS 0x0000000085900000, 0x0000000085900000| Untracked 
|  90|0x0000000085a00000, 0x0000000085a00000, 0x0000000085b00000|  0%| F|  |TAMS 0x0000000085a00000, 0x0000000085a00000| Untracked 
|  91|0x0000000085b00000, 0x0000000085b00000, 0x0000000085c00000|  0%| F|  |TAMS 0x0000000085b00000, 0x0000000085b00000| Untracked 
|  92|0x0000000085c00000, 0x0000000085c00000, 0x0000000085d00000|  0%| F|  |TAMS 0x0000000085c00000, 0x0000000085c00000| Untracked 
|  93|0x0000000085d00000, 0x0000000085d00000, 0x0000000085e00000|  0%| F|  |TAMS 0x0000000085d00000, 0x0000000085d00000| Untracked 
|  94|0x0000000085e00000, 0x0000000085e00000, 0x0000000085f00000|  0%| F|  |TAMS 0x0000000085e00000, 0x0000000085e00000| Untracked 
|  95|0x0000000085f00000, 0x0000000085f00000, 0x0000000086000000|  0%| F|  |TAMS 0x0000000085f00000, 0x0000000085f00000| Untracked 
|  96|0x0000000086000000, 0x0000000086000000, 0x0000000086100000|  0%| F|  |TAMS 0x0000000086000000, 0x0000000086000000| Untracked 
|  97|0x0000000086100000, 0x0000000086100000, 0x0000000086200000|  0%| F|  |TAMS 0x0000000086100000, 0x0000000086100000| Untracked 
|  98|0x0000000086200000, 0x0000000086200000, 0x0000000086300000|  0%| F|  |TAMS 0x0000000086200000, 0x0000000086200000| Untracked 
|  99|0x0000000086300000, 0x0000000086300000, 0x0000000086400000|  0%| F|  |TAMS 0x0000000086300000, 0x0000000086300000| Untracked 
| 100|0x0000000086400000, 0x0000000086400000, 0x0000000086500000|  0%| F|  |TAMS 0x0000000086400000, 0x0000000086400000| Untracked 
| 101|0x0000000086500000, 0x0000000086500000, 0x0000000086600000|  0%| F|  |TAMS 0x0000000086500000, 0x0000000086500000| Untracked 
| 102|0x0000000086600000, 0x0000000086600000, 0x0000000086700000|  0%| F|  |TAMS 0x0000000086600000, 0x0000000086600000| Untracked 
| 103|0x0000000086700000, 0x0000000086700000, 0x0000000086800000|  0%| F|  |TAMS 0x0000000086700000, 0x0000000086700000| Untracked 
| 104|0x0000000086800000, 0x0000000086800000, 0x0000000086900000|  0%| F|  |TAMS 0x0000000086800000, 0x0000000086800000| Untracked 
| 105|0x0000000086900000, 0x0000000086900000, 0x0000000086a00000|  0%| F|  |TAMS 0x0000000086900000, 0x0000000086900000| Untracked 
| 106|0x0000000086a00000, 0x0000000086a00000, 0x0000000086b00000|  0%| F|  |TAMS 0x0000000086a00000, 0x0000000086a00000| Untracked 
| 107|0x0000000086b00000, 0x0000000086b00000, 0x0000000086c00000|  0%| F|  |TAMS 0x0000000086b00000, 0x0000000086b00000| Untracked 
| 108|0x0000000086c00000, 0x0000000086c00000, 0x0000000086d00000|  0%| F|  |TAMS 0x0000000086c00000, 0x0000000086c00000| Untracked 
| 109|0x0000000086d00000, 0x0000000086d00000, 0x0000000086e00000|  0%| F|  |TAMS 0x0000000086d00000, 0x0000000086d00000| Untracked 
| 110|0x0000000086e00000, 0x0000000086e00000, 0x0000000086f00000|  0%| F|  |TAMS 0x0000000086e00000, 0x0000000086e00000| Untracked 
| 111|0x0000000086f00000, 0x0000000086f00000, 0x0000000087000000|  0%| F|  |TAMS 0x0000000086f00000, 0x0000000086f00000| Untracked 
| 112|0x0000000087000000, 0x0000000087000000, 0x0000000087100000|  0%| F|  |TAMS 0x0000000087000000, 0x0000000087000000| Untracked 
| 113|0x0000000087100000, 0x0000000087100000, 0x0000000087200000|  0%| F|  |TAMS 0x0000000087100000, 0x0000000087100000| Untracked 
| 114|0x0000000087200000, 0x0000000087200000, 0x0000000087300000|  0%| F|  |TAMS 0x0000000087200000, 0x0000000087200000| Untracked 
| 115|0x0000000087300000, 0x0000000087300000, 0x0000000087400000|  0%| F|  |TAMS 0x0000000087300000, 0x0000000087300000| Untracked 
| 116|0x0000000087400000, 0x0000000087400000, 0x0000000087500000|  0%| F|  |TAMS 0x0000000087400000, 0x0000000087400000| Untracked 
| 117|0x0000000087500000, 0x00000000875a15c0, 0x0000000087600000| 63%| S|CS|TAMS 0x0000000087500000, 0x0000000087500000| Complete 
| 118|0x0000000087600000, 0x0000000087700000, 0x0000000087700000|100%| S|CS|TAMS 0x0000000087600000, 0x0000000087600000| Complete 
| 119|0x0000000087700000, 0x0000000087800000, 0x0000000087800000|100%| S|CS|TAMS 0x0000000087700000, 0x0000000087700000| Complete 
| 120|0x0000000087800000, 0x0000000087900000, 0x0000000087900000|100%| S|CS|TAMS 0x0000000087800000, 0x0000000087800000| Complete 
| 121|0x0000000087900000, 0x0000000087a00000, 0x0000000087a00000|100%| S|CS|TAMS 0x0000000087900000, 0x0000000087900000| Complete 
| 122|0x0000000087a00000, 0x0000000087b00000, 0x0000000087b00000|100%| S|CS|TAMS 0x0000000087a00000, 0x0000000087a00000| Complete 
| 123|0x0000000087b00000, 0x0000000087c00000, 0x0000000087c00000|100%| S|CS|TAMS 0x0000000087b00000, 0x0000000087b00000| Complete 
| 124|0x0000000087c00000, 0x0000000087d00000, 0x0000000087d00000|100%| S|CS|TAMS 0x0000000087c00000, 0x0000000087c00000| Complete 
| 125|0x0000000087d00000, 0x0000000087e00000, 0x0000000087e00000|100%| S|CS|TAMS 0x0000000087d00000, 0x0000000087d00000| Complete 
| 126|0x0000000087e00000, 0x0000000087e00000, 0x0000000087f00000|  0%| F|  |TAMS 0x0000000087e00000, 0x0000000087e00000| Untracked 
| 127|0x0000000087f00000, 0x0000000087f00000, 0x0000000088000000|  0%| F|  |TAMS 0x0000000087f00000, 0x0000000087f00000| Untracked 
| 128|0x0000000088000000, 0x0000000088000000, 0x0000000088100000|  0%| F|  |TAMS 0x0000000088000000, 0x0000000088000000| Untracked 
| 129|0x0000000088100000, 0x0000000088100000, 0x0000000088200000|  0%| F|  |TAMS 0x0000000088100000, 0x0000000088100000| Untracked 
| 130|0x0000000088200000, 0x0000000088200000, 0x0000000088300000|  0%| F|  |TAMS 0x0000000088200000, 0x0000000088200000| Untracked 
| 131|0x0000000088300000, 0x0000000088300000, 0x0000000088400000|  0%| F|  |TAMS 0x0000000088300000, 0x0000000088300000| Untracked 
| 132|0x0000000088400000, 0x0000000088400000, 0x0000000088500000|  0%| F|  |TAMS 0x0000000088400000, 0x0000000088400000| Untracked 
| 133|0x0000000088500000, 0x0000000088500000, 0x0000000088600000|  0%| F|  |TAMS 0x0000000088500000, 0x0000000088500000| Untracked 
| 134|0x0000000088600000, 0x0000000088600000, 0x0000000088700000|  0%| F|  |TAMS 0x0000000088600000, 0x0000000088600000| Untracked 
| 135|0x0000000088700000, 0x0000000088706b10, 0x0000000088800000|  2%| E|  |TAMS 0x0000000088700000, 0x0000000088700000| Complete 
| 136|0x0000000088800000, 0x0000000088900000, 0x0000000088900000|100%| E|CS|TAMS 0x0000000088800000, 0x0000000088800000| Complete 
| 137|0x0000000088900000, 0x0000000088a00000, 0x0000000088a00000|100%| E|CS|TAMS 0x0000000088900000, 0x0000000088900000| Complete 
| 138|0x0000000088a00000, 0x0000000088b00000, 0x0000000088b00000|100%| E|CS|TAMS 0x0000000088a00000, 0x0000000088a00000| Complete 
| 139|0x0000000088b00000, 0x0000000088c00000, 0x0000000088c00000|100%| E|CS|TAMS 0x0000000088b00000, 0x0000000088b00000| Complete 
| 140|0x0000000088c00000, 0x0000000088d00000, 0x0000000088d00000|100%| E|CS|TAMS 0x0000000088c00000, 0x0000000088c00000| Complete 
| 141|0x0000000088d00000, 0x0000000088e00000, 0x0000000088e00000|100%| E|CS|TAMS 0x0000000088d00000, 0x0000000088d00000| Complete 
| 142|0x0000000088e00000, 0x0000000088f00000, 0x0000000088f00000|100%| E|CS|TAMS 0x0000000088e00000, 0x0000000088e00000| Complete 
| 143|0x0000000088f00000, 0x0000000089000000, 0x0000000089000000|100%| E|CS|TAMS 0x0000000088f00000, 0x0000000088f00000| Complete 
| 144|0x0000000089000000, 0x0000000089100000, 0x0000000089100000|100%| E|CS|TAMS 0x0000000089000000, 0x0000000089000000| Complete 
| 145|0x0000000089100000, 0x0000000089200000, 0x0000000089200000|100%| E|CS|TAMS 0x0000000089100000, 0x0000000089100000| Complete 
| 146|0x0000000089200000, 0x0000000089300000, 0x0000000089300000|100%| E|  |TAMS 0x0000000089200000, 0x0000000089200000| Complete 
| 147|0x0000000089300000, 0x0000000089400000, 0x0000000089400000|100%| E|CS|TAMS 0x0000000089300000, 0x0000000089300000| Complete 
| 148|0x0000000089400000, 0x0000000089500000, 0x0000000089500000|100%| E|CS|TAMS 0x0000000089400000, 0x0000000089400000| Complete 
| 149|0x0000000089500000, 0x0000000089600000, 0x0000000089600000|100%| E|CS|TAMS 0x0000000089500000, 0x0000000089500000| Complete 
| 150|0x0000000089600000, 0x0000000089700000, 0x0000000089700000|100%| E|CS|TAMS 0x0000000089600000, 0x0000000089600000| Complete 
| 151|0x0000000089700000, 0x0000000089800000, 0x0000000089800000|100%| E|CS|TAMS 0x0000000089700000, 0x0000000089700000| Complete 
| 152|0x0000000089800000, 0x0000000089900000, 0x0000000089900000|100%| E|CS|TAMS 0x0000000089800000, 0x0000000089800000| Complete 
| 153|0x0000000089900000, 0x0000000089a00000, 0x0000000089a00000|100%| E|CS|TAMS 0x0000000089900000, 0x0000000089900000| Complete 
| 154|0x0000000089a00000, 0x0000000089b00000, 0x0000000089b00000|100%| E|CS|TAMS 0x0000000089a00000, 0x0000000089a00000| Complete 
| 155|0x0000000089b00000, 0x0000000089c00000, 0x0000000089c00000|100%| E|CS|TAMS 0x0000000089b00000, 0x0000000089b00000| Complete 
| 156|0x0000000089c00000, 0x0000000089d00000, 0x0000000089d00000|100%| E|CS|TAMS 0x0000000089c00000, 0x0000000089c00000| Complete 
| 157|0x0000000089d00000, 0x0000000089e00000, 0x0000000089e00000|100%| E|CS|TAMS 0x0000000089d00000, 0x0000000089d00000| Complete 
| 158|0x0000000089e00000, 0x0000000089f00000, 0x0000000089f00000|100%| E|CS|TAMS 0x0000000089e00000, 0x0000000089e00000| Complete 
| 159|0x0000000089f00000, 0x000000008a000000, 0x000000008a000000|100%| E|CS|TAMS 0x0000000089f00000, 0x0000000089f00000| Complete 
| 160|0x000000008a000000, 0x000000008a100000, 0x000000008a100000|100%| E|CS|TAMS 0x000000008a000000, 0x000000008a000000| Complete 
| 161|0x000000008a100000, 0x000000008a200000, 0x000000008a200000|100%| E|CS|TAMS 0x000000008a100000, 0x000000008a100000| Complete 
| 162|0x000000008a200000, 0x000000008a300000, 0x000000008a300000|100%| E|CS|TAMS 0x000000008a200000, 0x000000008a200000| Complete 
| 163|0x000000008a300000, 0x000000008a400000, 0x000000008a400000|100%| E|CS|TAMS 0x000000008a300000, 0x000000008a300000| Complete 
| 164|0x000000008a400000, 0x000000008a500000, 0x000000008a500000|100%| E|CS|TAMS 0x000000008a400000, 0x000000008a400000| Complete 
| 165|0x000000008a500000, 0x000000008a600000, 0x000000008a600000|100%| E|CS|TAMS 0x000000008a500000, 0x000000008a500000| Complete 
| 166|0x000000008a600000, 0x000000008a700000, 0x000000008a700000|100%| E|CS|TAMS 0x000000008a600000, 0x000000008a600000| Complete 
| 167|0x000000008a700000, 0x000000008a800000, 0x000000008a800000|100%| E|CS|TAMS 0x000000008a700000, 0x000000008a700000| Complete 
| 168|0x000000008a800000, 0x000000008a900000, 0x000000008a900000|100%| E|CS|TAMS 0x000000008a800000, 0x000000008a800000| Complete 
| 169|0x000000008a900000, 0x000000008aa00000, 0x000000008aa00000|100%| E|CS|TAMS 0x000000008a900000, 0x000000008a900000| Complete 
| 170|0x000000008aa00000, 0x000000008ab00000, 0x000000008ab00000|100%| E|CS|TAMS 0x000000008aa00000, 0x000000008aa00000| Complete 
| 171|0x000000008ab00000, 0x000000008ac00000, 0x000000008ac00000|100%| E|CS|TAMS 0x000000008ab00000, 0x000000008ab00000| Complete 
| 172|0x000000008ac00000, 0x000000008ad00000, 0x000000008ad00000|100%| E|CS|TAMS 0x000000008ac00000, 0x000000008ac00000| Complete 
| 173|0x000000008ad00000, 0x000000008ae00000, 0x000000008ae00000|100%| E|CS|TAMS 0x000000008ad00000, 0x000000008ad00000| Complete 
| 174|0x000000008ae00000, 0x000000008af00000, 0x000000008af00000|100%| E|CS|TAMS 0x000000008ae00000, 0x000000008ae00000| Complete 
| 175|0x000000008af00000, 0x000000008b000000, 0x000000008b000000|100%| E|CS|TAMS 0x000000008af00000, 0x000000008af00000| Complete 
| 176|0x000000008b000000, 0x000000008b100000, 0x000000008b100000|100%| E|CS|TAMS 0x000000008b000000, 0x000000008b000000| Complete 
| 177|0x000000008b100000, 0x000000008b200000, 0x000000008b200000|100%| E|CS|TAMS 0x000000008b100000, 0x000000008b100000| Complete 
| 178|0x000000008b200000, 0x000000008b300000, 0x000000008b300000|100%| E|CS|TAMS 0x000000008b200000, 0x000000008b200000| Complete 
| 179|0x000000008b300000, 0x000000008b400000, 0x000000008b400000|100%| E|CS|TAMS 0x000000008b300000, 0x000000008b300000| Complete 
| 180|0x000000008b400000, 0x000000008b500000, 0x000000008b500000|100%| E|CS|TAMS 0x000000008b400000, 0x000000008b400000| Complete 
| 181|0x000000008b500000, 0x000000008b600000, 0x000000008b600000|100%| E|CS|TAMS 0x000000008b500000, 0x000000008b500000| Complete 
| 182|0x000000008b600000, 0x000000008b700000, 0x000000008b700000|100%| E|CS|TAMS 0x000000008b600000, 0x000000008b600000| Complete 
| 183|0x000000008b700000, 0x000000008b800000, 0x000000008b800000|100%| E|CS|TAMS 0x000000008b700000, 0x000000008b700000| Complete 

Card table byte_map: [0x00000183fb7c0000,0x00000183fbbc0000] _byte_map_base: 0x00000183fb3c0000

Marking Bits (Prev, Next): (CMBitMap*) 0x00000183fa6d0540, (CMBitMap*) 0x00000183fa6d0580
 Prev Bits: [0x00000183fbfc0000, 0x00000183fdfc0000)
 Next Bits: [0x00000183fdfc0000, 0x00000183fffc0000)

Polling page: 0x00000183f8e30000

Metaspace:

Usage:
  Non-class:     92.05 MB used.
      Class:     13.56 MB used.
       Both:    105.62 MB used.

Virtual space:
  Non-class space:      128.00 MB reserved,      92.44 MB ( 72%) committed,  2 nodes.
      Class space:        1.00 GB reserved,      13.88 MB (  1%) committed,  1 nodes.
             Both:        1.12 GB reserved,     106.31 MB (  9%) committed. 

Chunk freelists:
   Non-Class:  2.73 MB
       Class:  1.94 MB
        Both:  4.67 MB

MaxMetaspaceSize: unlimited
CompressedClassSpaceSize: 1.00 GB
Initial GC threshold: 21.00 MB
Current GC threshold: 164.06 MB
CDS: on
MetaspaceReclaimPolicy: balanced
 - commit_granule_bytes: 65536.
 - commit_granule_words: 8192.
 - virtual_space_node_default_size: 8388608.
 - enlarge_chunks_in_place: 1.
 - new_chunks_are_fully_committed: 0.
 - uncommit_free_chunks: 1.
 - use_allocation_guard: 0.
 - handle_deallocations: 1.


Internal statistics:

num_allocs_failed_limit: 12.
num_arena_births: 758.
num_arena_deaths: 0.
num_vsnodes_births: 3.
num_vsnodes_deaths: 0.
num_space_committed: 1699.
num_space_uncommitted: 0.
num_chunks_returned_to_freelist: 12.
num_chunks_taken_from_freelist: 4662.
num_chunk_merges: 12.
num_chunk_splits: 3639.
num_chunks_enlarged: 3009.
num_inconsistent_stats: 0.

CodeHeap 'non-profiled nmethods': size=120000Kb used=5627Kb max_used=5627Kb free=114372Kb
 bounds [0x000001838f550000, 0x000001838fad0000, 0x0000018396a80000]
CodeHeap 'profiled nmethods': size=120000Kb used=21559Kb max_used=21559Kb free=98440Kb
 bounds [0x0000018387a80000, 0x0000018388f90000, 0x000001838efb0000]
CodeHeap 'non-nmethods': size=5760Kb used=1818Kb max_used=1878Kb free=3941Kb
 bounds [0x000001838efb0000, 0x000001838f220000, 0x000001838f550000]
 total_blobs=11096 nmethods=10171 adapters=834
 compilation: enabled
              stopped_count=0, restarted_count=0
 full_count=0

Compilation events (20 events):
Event: 20.782 Thread 0x00000183e446f840 11585       4       java.lang.Class::descriptorString (170 bytes)
Event: 20.792 Thread 0x0000018398e0fb90 11586 %     3       org.gradle.internal.instantiation.generator.AbstractClassGenerator::inspectType @ 517 (560 bytes)
Event: 21.826 Thread 0x0000018398e0fb90 nmethod 11586% 0x0000018388f76690 code [0x0000018388f76e40, 0x0000018388f7be88]
Event: 21.826 Thread 0x0000018398e0fb90 11592       3       org.gradle.api.internal.artifacts.transform.DefaultTransformedVariantFactory$VariantKey::hashCode (16 bytes)
Event: 21.827 Thread 0x0000018398e0fb90 nmethod 11592 0x0000018388f7d710 code [0x0000018388f7d8c0, 0x0000018388f7db78]
Event: 21.827 Thread 0x0000018398e0fb90 11593       3       org.gradle.api.internal.artifacts.transform.AbstractTransformedArtifactSet::lambda$new$0 (21 bytes)
Event: 21.828 Thread 0x0000018398e0fb90 nmethod 11593 0x0000018388f7dc90 code [0x0000018388f7de60, 0x0000018388f7e258]
Event: 21.828 Thread 0x0000018398e0fb90 11594       3       org.gradle.api.internal.artifacts.transform.DefaultTransformUpstreamDependenciesResolverFactory$$Lambda$1174/0x000001839bca1778::dependenciesFor (5 bytes)
Event: 21.828 Thread 0x0000018398e0fb90 nmethod 11594 0x0000018388f7e410 code [0x0000018388f7e5a0, 0x0000018388f7e718]
Event: 21.828 Thread 0x0000018398e0fb90 11595       3       org.gradle.api.internal.artifacts.transform.DefaultTransformUpstreamDependenciesResolverFactory::lambda$static$0 (4 bytes)
Event: 21.829 Thread 0x0000018398e0fb90 nmethod 11595 0x0000018388f7e810 code [0x0000018388f7e9a0, 0x0000018388f7ea98]
Event: 21.829 Thread 0x0000018398e0fb90 11590       3       java.util.ArrayList::equals (62 bytes)
Event: 21.829 Thread 0x0000018398e0fb90 nmethod 11590 0x0000018388f7eb10 code [0x0000018388f7ed20, 0x0000018388f7f528]
Event: 21.829 Thread 0x0000018398e0fb90 11587       3       org.gradle.internal.component.external.model.DefaultModuleComponentArtifactMetadata::getComponentId (8 bytes)
Event: 21.830 Thread 0x0000018398e0fb90 nmethod 11587 0x0000018388f7f710 code [0x0000018388f7f8a0, 0x0000018388f7f9d8]
Event: 21.830 Thread 0x0000018398e0fb90 11588       1       org.gradle.internal.component.model.DefaultCompatibilityCheckResult::getConsumerValue (5 bytes)
Event: 21.830 Thread 0x0000018398e0fb90 nmethod 11588 0x000001838fac7610 code [0x000001838fac77a0, 0x000001838fac7878]
Event: 21.830 Thread 0x0000018398e0fb90 11589       1       org.gradle.internal.component.model.DefaultCompatibilityCheckResult::getProducerValue (5 bytes)
Event: 21.830 Thread 0x0000018398e0fb90 nmethod 11589 0x000001838fac7910 code [0x000001838fac7aa0, 0x000001838fac7b78]
Event: 21.967 Thread 0x0000018398e0fb90 11596       3       javax.management.ObjectName::addProperty (80 bytes)

GC Heap History (20 events):
Event: 10.639 GC heap before
{Heap before GC invocations=15 (full 0):
 garbage-first heap   total 116736K, used 95074K [0x0000000080000000, 0x0000000100000000)
  region size 1024K, 48 young (49152K), 7 survivors (7168K)
 Metaspace       used 58239K, committed 58752K, reserved 1114112K
  class space    used 8137K, committed 8384K, reserved 1048576K
}
Event: 10.649 GC heap after
{Heap after GC invocations=16 (full 0):
 garbage-first heap   total 116736K, used 56954K [0x0000000080000000, 0x0000000100000000)
  region size 1024K, 4 young (4096K), 4 survivors (4096K)
 Metaspace       used 58239K, committed 58752K, reserved 1114112K
  class space    used 8137K, committed 8384K, reserved 1048576K
}
Event: 10.861 GC heap before
{Heap before GC invocations=16 (full 0):
 garbage-first heap   total 116736K, used 69242K [0x0000000080000000, 0x0000000100000000)
  region size 1024K, 17 young (17408K), 4 survivors (4096K)
 Metaspace       used 59660K, committed 60160K, reserved 1114112K
  class space    used 8262K, committed 8512K, reserved 1048576K
}
Event: 10.865 GC heap after
{Heap after GC invocations=17 (full 0):
 garbage-first heap   total 188416K, used 57621K [0x0000000080000000, 0x0000000100000000)
  region size 1024K, 2 young (2048K), 2 survivors (2048K)
 Metaspace       used 59660K, committed 60160K, reserved 1114112K
  class space    used 8262K, committed 8512K, reserved 1048576K
}
Event: 12.178 GC heap before
{Heap before GC invocations=18 (full 0):
 garbage-first heap   total 188416K, used 140565K [0x0000000080000000, 0x0000000100000000)
  region size 1024K, 83 young (84992K), 2 survivors (2048K)
 Metaspace       used 69724K, committed 70336K, reserved 1114112K
  class space    used 9418K, committed 9728K, reserved 1048576K
}
Event: 12.184 GC heap after
{Heap after GC invocations=19 (full 0):
 garbage-first heap   total 188416K, used 61553K [0x0000000080000000, 0x0000000100000000)
  region size 1024K, 5 young (5120K), 5 survivors (5120K)
 Metaspace       used 69724K, committed 70336K, reserved 1114112K
  class space    used 9418K, committed 9728K, reserved 1048576K
}
Event: 13.372 GC heap before
{Heap before GC invocations=19 (full 0):
 garbage-first heap   total 188416K, used 145521K [0x0000000080000000, 0x0000000100000000)
  region size 1024K, 86 young (88064K), 5 survivors (5120K)
 Metaspace       used 73784K, committed 74368K, reserved 1114112K
  class space    used 9856K, committed 10112K, reserved 1048576K
}
Event: 13.381 GC heap after
{Heap after GC invocations=20 (full 0):
 garbage-first heap   total 188416K, used 67792K [0x0000000080000000, 0x0000000100000000)
  region size 1024K, 11 young (11264K), 11 survivors (11264K)
 Metaspace       used 73784K, committed 74368K, reserved 1114112K
  class space    used 9856K, committed 10112K, reserved 1048576K
}
Event: 14.656 GC heap before
{Heap before GC invocations=20 (full 0):
 garbage-first heap   total 188416K, used 146640K [0x0000000080000000, 0x0000000100000000)
  region size 1024K, 88 young (90112K), 11 survivors (11264K)
 Metaspace       used 83035K, committed 83584K, reserved 1179648K
  class space    used 10852K, committed 11136K, reserved 1048576K
}
Event: 14.671 GC heap after
{Heap after GC invocations=21 (full 0):
 garbage-first heap   total 188416K, used 71976K [0x0000000080000000, 0x0000000100000000)
  region size 1024K, 5 young (5120K), 5 survivors (5120K)
 Metaspace       used 83035K, committed 83584K, reserved 1179648K
  class space    used 10852K, committed 11136K, reserved 1048576K
}
Event: 15.874 GC heap before
{Heap before GC invocations=21 (full 0):
 garbage-first heap   total 188416K, used 149800K [0x0000000080000000, 0x0000000100000000)
  region size 1024K, 81 young (82944K), 5 survivors (5120K)
 Metaspace       used 94025K, committed 94592K, reserved 1179648K
  class space    used 12056K, committed 12352K, reserved 1048576K
}
Event: 15.880 GC heap after
{Heap after GC invocations=22 (full 0):
 garbage-first heap   total 188416K, used 73060K [0x0000000080000000, 0x0000000100000000)
  region size 1024K, 6 young (6144K), 6 survivors (6144K)
 Metaspace       used 94025K, committed 94592K, reserved 1179648K
  class space    used 12056K, committed 12352K, reserved 1048576K
}
Event: 16.519 GC heap before
{Heap before GC invocations=22 (full 0):
 garbage-first heap   total 188416K, used 152932K [0x0000000080000000, 0x0000000100000000)
  region size 1024K, 83 young (84992K), 6 survivors (6144K)
 Metaspace       used 96003K, committed 96640K, reserved 1179648K
  class space    used 12330K, committed 12608K, reserved 1048576K
}
Event: 16.530 GC heap after
{Heap after GC invocations=23 (full 0):
 garbage-first heap   total 188416K, used 80592K [0x0000000080000000, 0x0000000100000000)
  region size 1024K, 11 young (11264K), 11 survivors (11264K)
 Metaspace       used 96003K, committed 96640K, reserved 1179648K
  class space    used 12330K, committed 12608K, reserved 1048576K
}
Event: 17.522 GC heap before
{Heap before GC invocations=23 (full 0):
 garbage-first heap   total 188416K, used 125648K [0x0000000080000000, 0x0000000100000000)
  region size 1024K, 56 young (57344K), 11 survivors (11264K)
 Metaspace       used 100122K, committed 100736K, reserved 1179648K
  class space    used 12895K, committed 13184K, reserved 1048576K
}
Event: 17.535 GC heap after
{Heap after GC invocations=24 (full 0):
 garbage-first heap   total 188416K, used 85241K [0x0000000080000000, 0x0000000100000000)
  region size 1024K, 5 young (5120K), 5 survivors (5120K)
 Metaspace       used 100122K, committed 100736K, reserved 1179648K
  class space    used 12895K, committed 13184K, reserved 1048576K
}
Event: 18.382 GC heap before
{Heap before GC invocations=25 (full 0):
 garbage-first heap   total 188416K, used 150777K [0x0000000080000000, 0x0000000100000000)
  region size 1024K, 68 young (69632K), 5 survivors (5120K)
 Metaspace       used 102895K, committed 103488K, reserved 1179648K
  class space    used 13369K, committed 13632K, reserved 1048576K
}
Event: 18.392 GC heap after
{Heap after GC invocations=26 (full 0):
 garbage-first heap   total 188416K, used 91279K [0x0000000080000000, 0x0000000100000000)
  region size 1024K, 9 young (9216K), 9 survivors (9216K)
 Metaspace       used 102895K, committed 103488K, reserved 1179648K
  class space    used 13369K, committed 13632K, reserved 1048576K
}
Event: 19.174 GC heap before
{Heap before GC invocations=26 (full 0):
 garbage-first heap   total 188416K, used 150671K [0x0000000080000000, 0x0000000100000000)
  region size 1024K, 67 young (68608K), 9 survivors (9216K)
 Metaspace       used 104812K, committed 105472K, reserved 1179648K
  class space    used 13487K, committed 13760K, reserved 1048576K
}
Event: 19.188 GC heap after
{Heap after GC invocations=27 (full 0):
 garbage-first heap   total 188416K, used 100161K [0x0000000080000000, 0x0000000100000000)
  region size 1024K, 9 young (9216K), 9 survivors (9216K)
 Metaspace       used 104812K, committed 105472K, reserved 1179648K
  class space    used 13487K, committed 13760K, reserved 1048576K
}

Dll operation events (15 events):
Event: 0.009 Loaded shared library C:\Program Files\Eclipse Adoptium\jdk-17.0.14.7-hotspot\bin\java.dll
Event: 0.030 Loaded shared library C:\Program Files\Eclipse Adoptium\jdk-17.0.14.7-hotspot\bin\jsvml.dll
Event: 0.074 Loaded shared library C:\Program Files\Eclipse Adoptium\jdk-17.0.14.7-hotspot\bin\zip.dll
Event: 0.077 Loaded shared library C:\Program Files\Eclipse Adoptium\jdk-17.0.14.7-hotspot\bin\instrument.dll
Event: 0.081 Loaded shared library C:\Program Files\Eclipse Adoptium\jdk-17.0.14.7-hotspot\bin\net.dll
Event: 0.083 Loaded shared library C:\Program Files\Eclipse Adoptium\jdk-17.0.14.7-hotspot\bin\nio.dll
Event: 0.085 Loaded shared library C:\Program Files\Eclipse Adoptium\jdk-17.0.14.7-hotspot\bin\zip.dll
Event: 0.286 Loaded shared library C:\Program Files\Eclipse Adoptium\jdk-17.0.14.7-hotspot\bin\jimage.dll
Event: 0.429 Loaded shared library C:\Program Files\Eclipse Adoptium\jdk-17.0.14.7-hotspot\bin\verify.dll
Event: 0.673 Loaded shared library C:\Users\PMLS\.gradle\native\c067742578af261105cb4f569cf0c3c89f3d7b1fecec35dd04571415982c5e48\windows-amd64\native-platform.dll
Event: 0.685 Loaded shared library C:\Users\PMLS\.gradle\native\100fb08df4bc3b14c8652ba06237920a3bd2aa13389f12d3474272988ae205f9\windows-amd64\native-platform-file-events.dll
Event: 1.895 Loaded shared library C:\Program Files\Eclipse Adoptium\jdk-17.0.14.7-hotspot\bin\management.dll
Event: 1.899 Loaded shared library C:\Program Files\Eclipse Adoptium\jdk-17.0.14.7-hotspot\bin\management_ext.dll
Event: 2.155 Loaded shared library C:\Program Files\Eclipse Adoptium\jdk-17.0.14.7-hotspot\bin\extnet.dll
Event: 2.728 Loaded shared library C:\Program Files\Eclipse Adoptium\jdk-17.0.14.7-hotspot\bin\sunmscapi.dll

Deoptimization events (20 events):
Event: 20.652 Thread 0x00000183df1d1880 Uncommon trap: trap_request=0xffffff45 fr.pc=0x000001838f88fbcc relative=0x00000000000000ac
Event: 20.652 Thread 0x00000183df1d1880 Uncommon trap: reason=unstable_if action=reinterpret pc=0x000001838f88fbcc method=java.util.concurrent.locks.AbstractQueuedSynchronizer.signalNext(Ljava/util/concurrent/locks/AbstractQueuedSynchronizer$Node;)V @ 17 c2
Event: 20.652 Thread 0x00000183df1d1880 DEOPT PACKING pc=0x000001838f88fbcc sp=0x00000063a2efde20
Event: 20.652 Thread 0x00000183df1d1880 DEOPT UNPACKING pc=0x000001838f0069a3 sp=0x00000063a2efddb0 mode 2
Event: 20.661 Thread 0x0000018399ca3f20 DEOPT PACKING pc=0x0000018388231bb9 sp=0x00000063a10fe6a0
Event: 20.661 Thread 0x0000018399ca3f20 DEOPT UNPACKING pc=0x000001838f007143 sp=0x00000063a10fdb28 mode 0
Event: 20.663 Thread 0x00000183e12b61a0 DEOPT PACKING pc=0x0000018387eb3f7c sp=0x00000063a2cfced0
Event: 20.664 Thread 0x00000183e12b61a0 DEOPT UNPACKING pc=0x000001838f007143 sp=0x00000063a2cfc450 mode 0
Event: 20.676 Thread 0x00000183df1d1370 DEOPT PACKING pc=0x0000018387eb3f7c sp=0x00000063a33fd910
Event: 20.676 Thread 0x00000183df1d1370 DEOPT UNPACKING pc=0x000001838f007143 sp=0x00000063a33fce90 mode 0
Event: 20.686 Thread 0x00000183df1cfa20 DEOPT PACKING pc=0x0000018388231bb9 sp=0x00000063a32fd2a0
Event: 20.686 Thread 0x00000183df1cfa20 DEOPT UNPACKING pc=0x000001838f007143 sp=0x00000063a32fc728 mode 0
Event: 20.686 Thread 0x00000183df1cf000 DEOPT PACKING pc=0x0000018387eb3f7c sp=0x00000063a31fdbc0
Event: 20.686 Thread 0x00000183df1cf000 DEOPT UNPACKING pc=0x000001838f007143 sp=0x00000063a31fd140 mode 0
Event: 20.696 Thread 0x00000183e4e97430 DEOPT PACKING pc=0x0000018387eb3f7c sp=0x00000063a19fd690
Event: 20.696 Thread 0x00000183e4e97430 DEOPT UNPACKING pc=0x000001838f007143 sp=0x00000063a19fcc10 mode 0
Event: 20.706 Thread 0x00000183df1cfa20 DEOPT PACKING pc=0x0000018387eb3f7c sp=0x00000063a32fd760
Event: 20.706 Thread 0x00000183df1cfa20 DEOPT UNPACKING pc=0x000001838f007143 sp=0x00000063a32fcce0 mode 0
Event: 20.706 Thread 0x00000183e4e97430 DEOPT PACKING pc=0x0000018388231bb9 sp=0x00000063a19fd190
Event: 20.706 Thread 0x00000183e4e97430 DEOPT UNPACKING pc=0x000001838f007143 sp=0x00000063a19fc618 mode 0

Classes loaded (20 events):
Event: 19.459 Loading class jdk/internal/access/JavaObjectInputFilterAccess
Event: 19.459 Loading class jdk/internal/access/JavaObjectInputFilterAccess done
Event: 19.459 Loading class java/lang/System$Logger$Level
Event: 19.459 Loading class java/lang/System$Logger$Level done
Event: 19.460 Loading class jdk/internal/event/DeserializationEvent
Event: 19.460 Loading class jdk/internal/event/DeserializationEvent done
Event: 19.460 Loading class java/io/ObjectInputStream$FieldValues
Event: 19.461 Loading class java/io/ObjectInputStream$GetField
Event: 19.461 Loading class java/io/ObjectInputStream$GetField done
Event: 19.461 Loading class java/io/ObjectInputStream$FieldValues done
Event: 19.469 Loading class sun/reflect/ReflectionFactory
Event: 19.469 Loading class sun/reflect/ReflectionFactory done
Event: 19.469 Loading class sun/reflect/ReflectionFactory$1
Event: 19.469 Loading class sun/reflect/ReflectionFactory$1 done
Event: 20.460 Loading class java/util/Collections$ReverseComparator
Event: 20.460 Loading class java/util/Collections$ReverseComparator done
Event: 20.460 Loading class java/util/Collections$ReverseComparator2
Event: 20.460 Loading class java/util/Collections$ReverseComparator2 done
Event: 20.606 Loading class java/util/LinkedList$LLSpliterator
Event: 20.606 Loading class java/util/LinkedList$LLSpliterator done

Classes unloaded (0 events):
No events

Classes redefined (0 events):
No events

Internal exceptions (20 events):
Event: 19.244 Thread 0x0000018399ca3a10 Exception <a 'sun/nio/fs/WindowsException'{0x000000008b457e80}> (0x000000008b457e80) 
thrown [s\src\hotspot\share\prims\jni.cpp, line 516]
Event: 19.244 Thread 0x0000018399ca3a10 Exception <a 'sun/nio/fs/WindowsException'{0x000000008b459810}> (0x000000008b459810) 
thrown [s\src\hotspot\share\prims\jni.cpp, line 516]
Event: 19.246 Thread 0x0000018399ca3a10 Exception <a 'sun/nio/fs/WindowsException'{0x000000008b468198}> (0x000000008b468198) 
thrown [s\src\hotspot\share\prims\jni.cpp, line 516]
Event: 19.248 Thread 0x0000018399ca3a10 Exception <a 'sun/nio/fs/WindowsException'{0x000000008b470f28}> (0x000000008b470f28) 
thrown [s\src\hotspot\share\prims\jni.cpp, line 516]
Event: 19.249 Thread 0x0000018399ca3a10 Exception <a 'sun/nio/fs/WindowsException'{0x000000008b47d4a8}> (0x000000008b47d4a8) 
thrown [s\src\hotspot\share\prims\jni.cpp, line 516]
Event: 19.251 Thread 0x0000018399ca3a10 Exception <a 'sun/nio/fs/WindowsException'{0x000000008b488290}> (0x000000008b488290) 
thrown [s\src\hotspot\share\prims\jni.cpp, line 516]
Event: 19.254 Thread 0x0000018399ca3a10 Exception <a 'sun/nio/fs/WindowsException'{0x000000008b4914a0}> (0x000000008b4914a0) 
thrown [s\src\hotspot\share\prims\jni.cpp, line 516]
Event: 19.404 Thread 0x0000018399ca3a10 Exception <a 'java/lang/NoSuchMethodError'{0x000000008b1f0fc0}: static Lorg/gradle/api/internal/catalog/DefaultVersionCatalog;.<clinit>()V> (0x000000008b1f0fc0) 
thrown [s\src\hotspot\share\prims\jni.cpp, line 1112]
Event: 19.418 Thread 0x0000018399ca3a10 Exception <a 'java/lang/NoSuchMethodError'{0x000000008b0435f0}: static [Ljava/lang/Object;.<clinit>()V> (0x000000008b0435f0) 
thrown [s\src\hotspot\share\prims\jni.cpp, line 1112]
Event: 19.428 Thread 0x0000018399ca3a10 Exception <a 'java/lang/NoSuchMethodError'{0x000000008b07b5d8}: static Lorg/gradle/api/internal/catalog/DependencyModel;.<clinit>()V> (0x000000008b07b5d8) 
thrown [s\src\hotspot\share\prims\jni.cpp, line 1112]
Event: 19.428 Thread 0x0000018399ca3a10 Exception <a 'java/lang/NoSuchMethodError'{0x000000008b07f180}: static Lorg/gradle/api/internal/catalog/AbstractContextAwareModel;.<clinit>()V> (0x000000008b07f180) 
thrown [s\src\hotspot\share\prims\jni.cpp, line 1112]
Event: 19.431 Thread 0x0000018399ca3a10 Exception <a 'java/lang/NoSuchMethodError'{0x000000008b098ce0}: static Lorg/gradle/api/internal/artifacts/dependencies/AbstractVersionConstraint;.<clinit>()V> (0x000000008b098ce0) 
thrown [s\src\hotspot\share\prims\jni.cpp, line 1112]
Event: 19.442 Thread 0x0000018399ca3a10 Exception <a 'java/lang/NoSuchMethodError'{0x000000008b0f7a80}: static Lorg/gradle/api/internal/catalog/PluginModel;.<clinit>()V> (0x000000008b0f7a80) 
thrown [s\src\hotspot\share\prims\jni.cpp, line 1112]
Event: 19.445 Thread 0x0000018399ca3a10 Exception <a 'java/lang/NoSuchMethodError'{0x000000008af0e8b8}: static Lorg/gradle/api/internal/catalog/VersionModel;.<clinit>()V> (0x000000008af0e8b8) 
thrown [s\src\hotspot\share\prims\jni.cpp, line 1112]
Event: 19.453 Thread 0x0000018399ca3a10 Exception <a 'java/lang/NoSuchMethodError'{0x000000008af36de8}: 'void java.lang.invoke.DirectMethodHandle$Holder.invokeSpecial(java.lang.Object, java.lang.Object, java.lang.Object, int)'> (0x000000008af36de8) 
thrown [s\src\hotspot\share\interpreter\linkResolver.cpp, line 759]
Event: 19.652 Thread 0x0000018399ca3a10 Exception <a 'java/lang/NoSuchMethodError'{0x000000008aa56328}: 'int java.lang.invoke.DirectMethodHandle$Holder.invokeSpecialIFC(java.lang.Object, java.lang.Object, java.lang.Object)'> (0x000000008aa56328) 
thrown [s\src\hotspot\share\interpreter\linkResolver.cpp, line 759]
Event: 19.824 Thread 0x0000018399ca3a10 Exception <a 'java/lang/NoSuchMethodError'{0x000000008a63e6a0}: 'java.lang.Object java.lang.invoke.DirectMethodHandle$Holder.invokeSpecial(java.lang.Object, java.lang.Object, java.lang.Object, java.lang.Object, java.lang.Object, long)'> (0x000000008a63e6a0) 
thrown [s\src\hotspot\share\interpreter\linkResolver.cpp, line 759]
Event: 19.827 Thread 0x0000018399ca3a10 Exception <a 'java/lang/NoSuchMethodError'{0x000000008a660ad0}: 'void java.lang.invoke.DirectMethodHandle$Holder.invokeStatic(java.lang.Object, java.lang.Object, java.lang.Object, int, java.lang.Object)'> (0x000000008a660ad0) 
thrown [s\src\hotspot\share\interpreter\linkResolver.cpp, line 759]
Event: 20.772 Thread 0x0000018399ca3a10 Exception <a 'java/lang/NoSuchMethodError'{0x0000000088c75cd8}: 'java.lang.Object java.lang.invoke.DirectMethodHandle$Holder.newInvokeSpecial(java.lang.Object, java.lang.Object, java.lang.Object, java.lang.Object, int, java.lang.Object)'> (0x0000000088c75cd8) 
thrown [s\src\hotspot\share\interpreter\linkResolver.cpp, line 759]
Event: 20.773 Thread 0x0000018399ca3a10 Exception <a 'java/lang/NoSuchMethodError'{0x0000000088c7ead8}: 'java.lang.Object java.lang.invoke.Invokers$Holder.linkToTargetMethod(java.lang.Object, java.lang.Object, java.lang.Object, int, java.lang.Object, java.lang.Object)'> (0x0000000088c7ead8) 
thrown [s\src\hotspot\share\interpreter\linkResolver.cpp, line 759]

VM Operations (20 events):
Event: 19.043 Executing VM operation: ICBufferFull
Event: 19.043 Executing VM operation: ICBufferFull done
Event: 19.173 Executing VM operation: G1CollectForAllocation
Event: 19.188 Executing VM operation: G1CollectForAllocation done
Event: 19.223 Executing VM operation: HandshakeAllThreads
Event: 19.223 Executing VM operation: HandshakeAllThreads done
Event: 19.409 Executing VM operation: HandshakeAllThreads
Event: 19.409 Executing VM operation: HandshakeAllThreads done
Event: 20.000 Executing VM operation: ICBufferFull
Event: 20.001 Executing VM operation: ICBufferFull done
Event: 20.443 Executing VM operation: ICBufferFull
Event: 20.443 Executing VM operation: ICBufferFull done
Event: 20.509 Executing VM operation: HandshakeAllThreads
Event: 20.509 Executing VM operation: HandshakeAllThreads done
Event: 20.735 Executing VM operation: ICBufferFull
Event: 20.736 Executing VM operation: ICBufferFull done
Event: 21.748 Executing VM operation: Cleanup
Event: 21.825 Executing VM operation: Cleanup done
Event: 22.836 Executing VM operation: Cleanup
Event: 22.837 Executing VM operation: Cleanup done

Memory protections (0 events):
No events

Nmethod flushes (20 events):
Event: 18.476 Thread 0x0000018398e144c0 flushing  nmethod 0x0000018388868c90
Event: 18.477 Thread 0x0000018398e144c0 flushing  nmethod 0x000001838894df90
Event: 18.480 Thread 0x0000018398e144c0 flushing  nmethod 0x0000018388abcf90
Event: 18.480 Thread 0x0000018398e144c0 flushing  nmethod 0x0000018388ad6610
Event: 18.480 Thread 0x0000018398e144c0 flushing  nmethod 0x0000018388ae1f90
Event: 18.480 Thread 0x0000018398e144c0 flushing  nmethod 0x0000018388ae4710
Event: 18.480 Thread 0x0000018398e144c0 flushing  nmethod 0x0000018388ae4c90
Event: 18.480 Thread 0x0000018398e144c0 flushing  nmethod 0x0000018388ae5510
Event: 18.480 Thread 0x0000018398e144c0 flushing  nmethod 0x0000018388ae5810
Event: 18.480 Thread 0x0000018398e144c0 flushing  nmethod 0x0000018388aed990
Event: 18.480 Thread 0x0000018398e144c0 flushing  nmethod 0x0000018388aee810
Event: 18.480 Thread 0x0000018398e144c0 flushing  nmethod 0x0000018388aef310
Event: 18.480 Thread 0x0000018398e144c0 flushing  nmethod 0x0000018388af2f10
Event: 18.480 Thread 0x0000018398e144c0 flushing  nmethod 0x0000018388af3510
Event: 18.480 Thread 0x0000018398e144c0 flushing  nmethod 0x0000018388af6f10
Event: 18.480 Thread 0x0000018398e144c0 flushing  nmethod 0x0000018388af7a10
Event: 18.481 Thread 0x0000018398e144c0 flushing  nmethod 0x0000018388b1a110
Event: 18.481 Thread 0x0000018398e144c0 flushing  nmethod 0x0000018388b1b010
Event: 18.481 Thread 0x0000018398e144c0 flushing  nmethod 0x0000018388b22b10
Event: 18.481 Thread 0x0000018398e144c0 flushing  nmethod 0x0000018388b3ed10

Events (20 events):
Event: 13.932 Thread 0x0000018398e0fb90 Thread added: 0x00000183e3adc990
Event: 14.519 Thread 0x00000183e3adc990 Thread exited: 0x00000183e3adc990
Event: 14.519 Thread 0x00000183e1f7d720 Thread exited: 0x00000183e1f7d720
Event: 15.628 Thread 0x0000018398e0fb90 Thread added: 0x00000183e4472810
Event: 16.212 Thread 0x0000018398e0fb90 Thread added: 0x00000183e44702e0
Event: 19.218 Thread 0x00000183e44702e0 Thread exited: 0x00000183e44702e0
Event: 20.576 Thread 0x00000183e4472810 Thread exited: 0x00000183e4472810
Event: 20.641 Thread 0x0000018399ca3a10 Thread added: 0x00000183e4e97430
Event: 20.641 Thread 0x0000018399ca3a10 Thread added: 0x00000183e12b5c90
Event: 20.642 Thread 0x0000018399ca3a10 Thread added: 0x00000183e12b61a0
Event: 20.642 Thread 0x0000018399ca3a10 Thread added: 0x00000183e12b70d0
Event: 20.642 Thread 0x0000018399ca3a10 Thread added: 0x00000183df1d1880
Event: 20.643 Thread 0x0000018399ca3a10 Thread added: 0x00000183df1d0e60
Event: 20.644 Thread 0x0000018399ca3a10 Thread added: 0x00000183df1cf510
Event: 20.647 Thread 0x0000018399ca3a10 Thread added: 0x00000183df1cf000
Event: 20.649 Thread 0x0000018399ca3a10 Thread added: 0x00000183df1cfa20
Event: 20.651 Thread 0x0000018399ca3a10 Thread added: 0x00000183df1d1370
Event: 20.652 Thread 0x0000018399ca3a10 Thread added: 0x00000183df1ce5e0
Event: 20.658 Thread 0x0000018398e0fb90 Thread added: 0x00000183e4472810
Event: 20.692 Thread 0x0000018398e0fb90 Thread added: 0x00000183e446f840


Dynamic libraries:
0x00007ff6e8760000 - 0x00007ff6e876e000 	C:\Program Files\Eclipse Adoptium\jdk-17.0.14.7-hotspot\bin\java.exe
0x00007ffd2ff80000 - 0x00007ffd301e6000 	C:\WINDOWS\SYSTEM32\ntdll.dll
0x00007ffd2e2c0000 - 0x00007ffd2e389000 	C:\WINDOWS\System32\KERNEL32.DLL
0x00007ffd2d290000 - 0x00007ffd2d65c000 	C:\WINDOWS\System32\KERNELBASE.dll
0x00007ffd2d990000 - 0x00007ffd2dadb000 	C:\WINDOWS\System32\ucrtbase.dll
0x00007ffd13550000 - 0x00007ffd13567000 	C:\Program Files\Eclipse Adoptium\jdk-17.0.14.7-hotspot\bin\jli.dll
0x00007ffd16a50000 - 0x00007ffd16a6e000 	C:\Program Files\Eclipse Adoptium\jdk-17.0.14.7-hotspot\bin\VCRUNTIME140.dll
0x00007ffd2f110000 - 0x00007ffd2f2da000 	C:\WINDOWS\System32\USER32.dll
0x00007ffd129b0000 - 0x00007ffd12c4a000 	C:\WINDOWS\WinSxS\amd64_microsoft.windows.common-controls_6595b64144ccf1df_6.0.26100.3912_none_3e07963ce335137e\COMCTL32.dll
0x00007ffd2fbe0000 - 0x00007ffd2fc89000 	C:\WINDOWS\System32\msvcrt.dll
0x00007ffd2dd10000 - 0x00007ffd2dd37000 	C:\WINDOWS\System32\win32u.dll
0x00007ffd2de50000 - 0x00007ffd2de7b000 	C:\WINDOWS\System32\GDI32.dll
0x00007ffd2d720000 - 0x00007ffd2d852000 	C:\WINDOWS\System32\gdi32full.dll
0x00007ffd2dae0000 - 0x00007ffd2db83000 	C:\WINDOWS\System32\msvcp_win.dll
0x00007ffd2fa50000 - 0x00007ffd2fa80000 	C:\WINDOWS\System32\IMM32.DLL
0x00007ffd17450000 - 0x00007ffd1745c000 	C:\Program Files\Eclipse Adoptium\jdk-17.0.14.7-hotspot\bin\vcruntime140_1.dll
0x00007ffcea920000 - 0x00007ffcea9ad000 	C:\Program Files\Eclipse Adoptium\jdk-17.0.14.7-hotspot\bin\msvcp140.dll
0x00007ffcc53b0000 - 0x00007ffcc601b000 	C:\Program Files\Eclipse Adoptium\jdk-17.0.14.7-hotspot\bin\server\jvm.dll
0x00007ffd2fd30000 - 0x00007ffd2fde2000 	C:\WINDOWS\System32\ADVAPI32.dll
0x00007ffd2de80000 - 0x00007ffd2df26000 	C:\WINDOWS\System32\sechost.dll
0x00007ffd2fac0000 - 0x00007ffd2fbd6000 	C:\WINDOWS\System32\RPCRT4.dll
0x00007ffd2df30000 - 0x00007ffd2dfa4000 	C:\WINDOWS\System32\WS2_32.dll
0x00007ffd2cf60000 - 0x00007ffd2cfbe000 	C:\WINDOWS\SYSTEM32\POWRPROF.dll
0x00007ffd218d0000 - 0x00007ffd21906000 	C:\WINDOWS\SYSTEM32\WINMM.dll
0x00007ffd13600000 - 0x00007ffd1360b000 	C:\WINDOWS\SYSTEM32\VERSION.dll
0x00007ffd2cf40000 - 0x00007ffd2cf54000 	C:\WINDOWS\SYSTEM32\UMPDC.dll
0x00007ffd2be90000 - 0x00007ffd2beaa000 	C:\WINDOWS\SYSTEM32\kernel.appcore.dll
0x00007ffd14da0000 - 0x00007ffd14daa000 	C:\Program Files\Eclipse Adoptium\jdk-17.0.14.7-hotspot\bin\jimage.dll
0x00007ffd2a850000 - 0x00007ffd2aa91000 	C:\WINDOWS\SYSTEM32\DBGHELP.DLL
0x00007ffd2f2e0000 - 0x00007ffd2f664000 	C:\WINDOWS\System32\combase.dll
0x00007ffd2e1d0000 - 0x00007ffd2e2b0000 	C:\WINDOWS\System32\OLEAUT32.dll
0x00007ffd12ca0000 - 0x00007ffd12cd9000 	C:\WINDOWS\SYSTEM32\dbgcore.DLL
0x00007ffd2d8f0000 - 0x00007ffd2d989000 	C:\WINDOWS\System32\bcryptPrimitives.dll
0x00007ffd0e030000 - 0x00007ffd0e03e000 	C:\Program Files\Eclipse Adoptium\jdk-17.0.14.7-hotspot\bin\instrument.dll
0x00007ffd07810000 - 0x00007ffd07835000 	C:\Program Files\Eclipse Adoptium\jdk-17.0.14.7-hotspot\bin\java.dll
0x00007ffcde780000 - 0x00007ffcde857000 	C:\Program Files\Eclipse Adoptium\jdk-17.0.14.7-hotspot\bin\jsvml.dll
0x00007ffd2e9e0000 - 0x00007ffd2f10d000 	C:\WINDOWS\System32\SHELL32.dll
0x00007ffd2d110000 - 0x00007ffd2d284000 	C:\WINDOWS\System32\wintypes.dll
0x00007ffd2ad40000 - 0x00007ffd2b596000 	C:\WINDOWS\SYSTEM32\windows.storage.dll
0x00007ffd2dd50000 - 0x00007ffd2de3f000 	C:\WINDOWS\System32\SHCORE.dll
0x00007ffd2e020000 - 0x00007ffd2e089000 	C:\WINDOWS\System32\shlwapi.dll
0x00007ffd2d020000 - 0x00007ffd2d04f000 	C:\WINDOWS\SYSTEM32\profapi.dll
0x00007ffd134b0000 - 0x00007ffd134c8000 	C:\Program Files\Eclipse Adoptium\jdk-17.0.14.7-hotspot\bin\zip.dll
0x00007ffd13530000 - 0x00007ffd13549000 	C:\Program Files\Eclipse Adoptium\jdk-17.0.14.7-hotspot\bin\net.dll
0x00007ffd23b00000 - 0x00007ffd23c1e000 	C:\WINDOWS\SYSTEM32\WINHTTP.dll
0x00007ffd2c3e0000 - 0x00007ffd2c44a000 	C:\WINDOWS\system32\mswsock.dll
0x00007ffd134f0000 - 0x00007ffd13506000 	C:\Program Files\Eclipse Adoptium\jdk-17.0.14.7-hotspot\bin\nio.dll
0x00007ffd11c00000 - 0x00007ffd11c10000 	C:\Program Files\Eclipse Adoptium\jdk-17.0.14.7-hotspot\bin\verify.dll
0x00007ffcfc8e0000 - 0x00007ffcfc907000 	C:\Users\PMLS\.gradle\native\c067742578af261105cb4f569cf0c3c89f3d7b1fecec35dd04571415982c5e48\windows-amd64\native-platform.dll
0x00007ffc91200000 - 0x00007ffc91344000 	C:\Users\PMLS\.gradle\native\100fb08df4bc3b14c8652ba06237920a3bd2aa13389f12d3474272988ae205f9\windows-amd64\native-platform-file-events.dll
0x00007ffd108f0000 - 0x00007ffd108fa000 	C:\Program Files\Eclipse Adoptium\jdk-17.0.14.7-hotspot\bin\management.dll
0x00007ffd108e0000 - 0x00007ffd108eb000 	C:\Program Files\Eclipse Adoptium\jdk-17.0.14.7-hotspot\bin\management_ext.dll
0x00007ffd2e9d0000 - 0x00007ffd2e9d8000 	C:\WINDOWS\System32\PSAPI.DLL
0x00007ffd2c7a0000 - 0x00007ffd2c7bc000 	C:\WINDOWS\SYSTEM32\CRYPTSP.dll
0x00007ffd2bdf0000 - 0x00007ffd2be2a000 	C:\WINDOWS\system32\rsaenh.dll
0x00007ffd2c480000 - 0x00007ffd2c4ab000 	C:\WINDOWS\SYSTEM32\USERENV.dll
0x00007ffd2cff0000 - 0x00007ffd2d016000 	C:\WINDOWS\SYSTEM32\bcrypt.dll
0x00007ffd2c610000 - 0x00007ffd2c61c000 	C:\WINDOWS\SYSTEM32\CRYPTBASE.dll
0x00007ffd2b900000 - 0x00007ffd2b933000 	C:\WINDOWS\SYSTEM32\IPHLPAPI.DLL
0x00007ffd2f7e0000 - 0x00007ffd2f7ea000 	C:\WINDOWS\System32\NSI.dll
0x00007ffd24d80000 - 0x00007ffd24d9f000 	C:\WINDOWS\SYSTEM32\dhcpcsvc6.DLL
0x00007ffd24a20000 - 0x00007ffd24a45000 	C:\WINDOWS\SYSTEM32\dhcpcsvc.DLL
0x00007ffd2b940000 - 0x00007ffd2ba67000 	C:\WINDOWS\SYSTEM32\DNSAPI.dll
0x00007ffd09970000 - 0x00007ffd09979000 	C:\Program Files\Eclipse Adoptium\jdk-17.0.14.7-hotspot\bin\extnet.dll
0x00007ffd08a60000 - 0x00007ffd08a6e000 	C:\Program Files\Eclipse Adoptium\jdk-17.0.14.7-hotspot\bin\sunmscapi.dll
0x00007ffd2db90000 - 0x00007ffd2dd07000 	C:\WINDOWS\System32\CRYPT32.dll
0x00007ffd2c8f0000 - 0x00007ffd2c920000 	C:\WINDOWS\SYSTEM32\ncrypt.dll
0x00007ffd2c8a0000 - 0x00007ffd2c8df000 	C:\WINDOWS\SYSTEM32\NTASN1.dll
0x00007ffcf2790000 - 0x00007ffcf2798000 	C:\WINDOWS\system32\wshunix.dll

dbghelp: loaded successfully - version: 4.0.5 - missing functions: none
symbol engine: initialized successfully - sym options: 0x614 - pdb path: .;C:\Program Files\Eclipse Adoptium\jdk-17.0.14.7-hotspot\bin;C:\WINDOWS\SYSTEM32;C:\WINDOWS\WinSxS\amd64_microsoft.windows.common-controls_6595b64144ccf1df_6.0.26100.3912_none_3e07963ce335137e;C:\Program Files\Eclipse Adoptium\jdk-17.0.14.7-hotspot\bin\server;C:\Users\PMLS\.gradle\native\c067742578af261105cb4f569cf0c3c89f3d7b1fecec35dd04571415982c5e48\windows-amd64;C:\Users\PMLS\.gradle\native\100fb08df4bc3b14c8652ba06237920a3bd2aa13389f12d3474272988ae205f9\windows-amd64

VM Arguments:
jvm_args: --add-opens=java.base/java.util=ALL-UNNAMED --add-opens=java.base/java.lang=ALL-UNNAMED --add-opens=java.base/java.lang.invoke=ALL-UNNAMED --add-opens=java.prefs/java.util.prefs=ALL-UNNAMED --add-exports=jdk.compiler/com.sun.tools.javac.api=ALL-UNNAMED --add-exports=jdk.compiler/com.sun.tools.javac.util=ALL-UNNAMED --add-opens=java.base/java.nio.charset=ALL-UNNAMED --add-opens=java.base/java.net=ALL-UNNAMED --add-opens=java.base/java.util.concurrent.atomic=ALL-UNNAMED -Xmx2048m -Dfile.encoding=UTF-8 -Duser.country=US -Duser.language=en -Duser.variant -javaagent:C:\Users\PMLS\.gradle\wrapper\dists\gradle-8.9-bin\90cnw93cvbtalezasaz0blq0a\gradle-8.9\lib\agents\gradle-instrumentation-agent-8.9.jar 
java_command: org.gradle.launcher.daemon.bootstrap.GradleDaemon 8.9
java_class_path (initial): C:\Users\PMLS\.gradle\wrapper\dists\gradle-8.9-bin\90cnw93cvbtalezasaz0blq0a\gradle-8.9\lib\gradle-daemon-main-8.9.jar
Launcher Type: SUN_STANDARD

[Global flags]
     intx CICompilerCount                          = 4                                         {product} {ergonomic}
     uint ConcGCThreads                            = 3                                         {product} {ergonomic}
     uint G1ConcRefinementThreads                  = 10                                        {product} {ergonomic}
   size_t G1HeapRegionSize                         = 1048576                                   {product} {ergonomic}
    uintx GCDrainStackTargetSize                   = 64                                        {product} {ergonomic}
   size_t InitialHeapSize                          = 130023424                                 {product} {ergonomic}
   size_t MarkStackSize                            = 4194304                                   {product} {ergonomic}
   size_t MaxHeapSize                              = 2147483648                                {product} {command line}
   size_t MaxNewSize                               = 1287651328                                {product} {ergonomic}
   size_t MinHeapDeltaBytes                        = 1048576                                   {product} {ergonomic}
   size_t MinHeapSize                              = 8388608                                   {product} {ergonomic}
    uintx NonNMethodCodeHeapSize                   = 5839372                                {pd product} {ergonomic}
    uintx NonProfiledCodeHeapSize                  = 122909434                              {pd product} {ergonomic}
    uintx ProfiledCodeHeapSize                     = 122909434                              {pd product} {ergonomic}
    uintx ReservedCodeCacheSize                    = 251658240                              {pd product} {ergonomic}
     bool SegmentedCodeCache                       = true                                      {product} {ergonomic}
   size_t SoftMaxHeapSize                          = 2147483648                             {manageable} {ergonomic}
     bool UseCompressedClassPointers               = true                           {product lp64_product} {ergonomic}
     bool UseCompressedOops                        = true                           {product lp64_product} {ergonomic}
     bool UseG1GC                                  = true                                      {product} {ergonomic}
     bool UseLargePagesIndividualAllocation        = false                                  {pd product} {ergonomic}

Logging:
Log output configuration:
 #0: stdout all=warning uptime,level,tags
 #1: stderr all=off uptime,level,tags

Environment Variables:
JAVA_HOME=C:\Program Files\Eclipse Adoptium\jdk-17.0.14.7-hotspot
PATH=C:\Users\PMLS\bin;C:\Program Files\Git\mingw64\bin;C:\Program Files\Git\usr\local\bin;C:\Program Files\Git\usr\bin;C:\Program Files\Git\usr\bin;C:\Program Files\Git\mingw64\bin;C:\Program Files\Git\usr\bin;C:\Users\PMLS\bin;C:\Program Files\Eclipse Adoptium\jdk-17.0.14.7-hotspot\bin;C:\Program Files (x86)\Common Files\Intel\Shared Libraries\redist\intel64\compiler;C:\WINDOWS\system32;C:\WINDOWS;C:\WINDOWS\System32\Wbem;C:\WINDOWS\System32\WindowsPowerShell\v1.0;C:\WINDOWS\System32\OpenSSH;C:\ProgramData\chocolatey\bin;C:\Users\PMLS\AppData\Roaming\Python\Python312\site-packages\jupyter.py;C:\Program Files\PuTTY;C:\Program Files\nodejs;C:\Program Files\Git\cmd;C:\Program Files\WireGuard;C:\Users\PMLS\.cargo\bin;C:\Users\PMLS\AppData\Local\Programs\Python\Python311\Scripts;C:\Users\PMLS\AppData\Local\Programs\Python\Python311;C:\Program Files\MySQL\MySQL Shell 8.0\bin;C:\Users\PMLS\AppData\Local\Microsoft\WindowsApps;C:\Users\PMLS\AppData\Local\Programs\Microsoft VS Code\bin;C:\Users\PMLS\AppData\Roaming\npm;C:\Program Files\heroku\bin;C:\tools\dart-sdk\bin;C:\Users\PMLS\AppData\Local\Pub\Cache\bin;C:\Program Files\Git\usr\bin\vendor_perl;C:\Program Files\Git\usr\bin\core_perl
USERNAME=HASEEB
SHELL=C:\Program Files\Git\usr\bin\bash.exe
DISPLAY=needs-to-be-defined
LANG=en_US.UTF-8
TERM=xterm-256color
TMPDIR=C:\Users\PMLS\AppData\Local\Temp
OS=Windows_NT
PROCESSOR_IDENTIFIER=Intel64 Family 6 Model 154 Stepping 4, GenuineIntel
TMP=C:\Users\PMLS\AppData\Local\Temp
TEMP=C:\Users\PMLS\AppData\Local\Temp



Periodic native trim disabled


---------------  S Y S T E M  ---------------

OS:
 Windows 11 , 64 bit Build 26100 (10.0.26100.3912)
OS uptime: 6 days 22:57 hours
Hyper-V role detected

CPU: total 12 (initial active 12) (6 cores per cpu, 2 threads per core) family 6 model 154 stepping 4 microcode 0x432, cx8, cmov, fxsr, ht, mmx, 3dnowpref, sse, sse2, sse3, ssse3, sse4.1, sse4.2, popcnt, lzcnt, tsc, tscinvbit, avx, avx2, aes, erms, clmul, bmi1, bmi2, adx, sha, fma, vzeroupper, clflush, clflushopt, clwb, hv
Processor Information for processor 0
  Max Mhz: 1300, Current Mhz: 1300, Mhz Limit: 1300
Processor Information for processor 1
  Max Mhz: 1300, Current Mhz: 1300, Mhz Limit: 1300
Processor Information for processor 2
  Max Mhz: 1300, Current Mhz: 1300, Mhz Limit: 1300
Processor Information for processor 3
  Max Mhz: 1300, Current Mhz: 1300, Mhz Limit: 1300
Processor Information for processor 4
  Max Mhz: 900, Current Mhz: 900, Mhz Limit: 900
Processor Information for processor 5
  Max Mhz: 900, Current Mhz: 900, Mhz Limit: 900
Processor Information for processor 6
  Max Mhz: 900, Current Mhz: 900, Mhz Limit: 900
Processor Information for processor 7
  Max Mhz: 900, Current Mhz: 900, Mhz Limit: 900
Processor Information for processor 8
  Max Mhz: 900, Current Mhz: 900, Mhz Limit: 900
Processor Information for processor 9
  Max Mhz: 900, Current Mhz: 900, Mhz Limit: 900
Processor Information for processor 10
  Max Mhz: 900, Current Mhz: 900, Mhz Limit: 900
Processor Information for processor 11
  Max Mhz: 900, Current Mhz: 900, Mhz Limit: 900

Memory: 4k page, system-wide physical 7916M (754M free)
TotalPageFile size 23916M (AvailPageFile size 25M)
current process WorkingSet (physical memory assigned to process): 458M, peak: 470M
current process commit charge ("private bytes"): 504M, peak: 512M

vm_info: OpenJDK 64-Bit Server VM (17.0.14+7) for windows-amd64 JRE (17.0.14+7), built on Jan 21 2025 23:40:15 by "admin" with MS VC++ 17.7 (VS2022)

END.
